[ 2013-10-21T18:21:28+08:00 ] 0.0.0.0 /php/index.php/Base/verify_code
INFO: [ route_check ] --START--
INFO: Run CheckRoute Behavior [ RunTime:0.001428s ]
INFO: [ route_check ] --END-- [ RunTime:0.001562s ]
INFO: [ app_begin ] --START--
INFO: Run ReadHtmlCache Behavior [ RunTime:0.000985s ]
INFO: [ app_begin ] --END-- [ RunTime:0.001096s ]

[ 2013-10-21T18:25:12+08:00 ] 0.0.0.0 /php/index.php/Base/verify_code
INFO: [ route_check ] --START--
INFO: Run CheckRoute Behavior [ RunTime:0.000760s ]
INFO: [ route_check ] --END-- [ RunTime:0.000837s ]
INFO: [ app_begin ] --START--
INFO: Run ReadHtmlCache Behavior [ RunTime:0.000564s ]
INFO: [ app_begin ] --END-- [ RunTime:0.000620s ]

[ 2013-10-21T18:36:53+08:00 ] 0.0.0.0 /php/index.php/Base/verify_code
INFO: [ route_check ] --START--
INFO: Run CheckRoute Behavior [ RunTime:0.001434s ]
INFO: [ route_check ] --END-- [ RunTime:0.001565s ]
INFO: [ app_begin ] --START--
INFO: Run ReadHtmlCache Behavior [ RunTime:0.000885s ]
INFO: [ app_begin ] --END-- [ RunTime:0.001015s ]

[ 2013-10-21T18:37:01+08:00 ] 0.0.0.0 /php/index.php/Base/verify_code
INFO: [ route_check ] --START--
INFO: Run CheckRoute Behavior [ RunTime:0.000784s ]
INFO: [ route_check ] --END-- [ RunTime:0.000864s ]
INFO: [ app_begin ] --START--
INFO: Run ReadHtmlCache Behavior [ RunTime:0.000626s ]
INFO: [ app_begin ] --END-- [ RunTime:0.000706s ]

[ 2013-10-21T18:50:16+08:00 ] 0.0.0.0 /php/index.php/Base/verify_code
INFO: [ route_check ] --START--
INFO: Run CheckRoute Behavior [ RunTime:0.001323s ]
INFO: [ route_check ] --END-- [ RunTime:0.001452s ]
INFO: [ app_begin ] --START--
INFO: Run ReadHtmlCache Behavior [ RunTime:0.000937s ]
INFO: [ app_begin ] --END-- [ RunTime:0.001044s ]

[ 2013-10-21T18:51:00+08:00 ] 0.0.0.0 /php/index.php/Base/verify_code
INFO: [ route_check ] --START--
INFO: Run CheckRoute Behavior [ RunTime:0.001203s ]
INFO: [ route_check ] --END-- [ RunTime:0.001320s ]
INFO: [ app_begin ] --START--
INFO: Run ReadHtmlCache Behavior [ RunTime:0.000917s ]
INFO: [ app_begin ] --END-- [ RunTime:0.001013s ]

[ 2013-10-21T18:51:07+08:00 ] 0.0.0.0 /php/index.php/Base/verify_code
INFO: [ route_check ] --START--
INFO: Run CheckRoute Behavior [ RunTime:0.000756s ]
INFO: [ route_check ] --END-- [ RunTime:0.000849s ]
INFO: [ app_begin ] --START--
INFO: Run ReadHtmlCache Behavior [ RunTime:0.000527s ]
INFO: [ app_begin ] --END-- [ RunTime:0.000596s ]

[ 2013-10-21T18:51:24+08:00 ] 0.0.0.0 /php/index.php/Base/verify_code?rand=0.6449295331258327
INFO: [ route_check ] --START--
INFO: Run CheckRoute Behavior [ RunTime:0.000698s ]
INFO: [ route_check ] --END-- [ RunTime:0.000785s ]
INFO: [ app_begin ] --START--
INFO: Run ReadHtmlCache Behavior [ RunTime:0.000547s ]
INFO: [ app_begin ] --END-- [ RunTime:0.000614s ]

[ 2013-10-21T18:52:52+08:00 ] 0.0.0.0 /php/index.php/Base/verify_code
INFO: [ route_check ] --START--
INFO: Run CheckRoute Behavior [ RunTime:0.000661s ]
INFO: [ route_check ] --END-- [ RunTime:0.000740s ]
INFO: [ app_begin ] --START--
INFO: Run ReadHtmlCache Behavior [ RunTime:0.000725s ]
INFO: [ app_begin ] --END-- [ RunTime:0.000844s ]

