[ 2013-10-22T10:03:44+08:00 ] 0.0.0.0 /php/index.php/Base/verify_code
INFO: [ route_check ] --START--
INFO: Run CheckRoute Behavior [ RunTime:0.001286s ]
INFO: [ route_check ] --END-- [ RunTime:0.001400s ]
INFO: [ app_begin ] --START--
INFO: Run ReadHtmlCache Behavior [ RunTime:0.000687s ]
INFO: [ app_begin ] --END-- [ RunTime:0.000769s ]

[ 2013-10-22T10:03:52+08:00 ] 0.0.0.0 /php/index.php/Base/verify_code?rand=0.538719646865502
INFO: [ route_check ] --START--
INFO: Run CheckRoute Behavior [ RunTime:0.000711s ]
INFO: [ route_check ] --END-- [ RunTime:0.000798s ]
INFO: [ app_begin ] --START--
INFO: Run ReadHtmlCache Behavior [ RunTime:0.000548s ]
INFO: [ app_begin ] --END-- [ RunTime:0.000615s ]

[ 2013-10-22T12:08:14+08:00 ] 0.0.0.0 /php/index.php/Base/verify_code
INFO: [ route_check ] --START--
INFO: Run CheckRoute Behavior [ RunTime:0.001256s ]
INFO: [ route_check ] --END-- [ RunTime:0.001356s ]
INFO: [ app_begin ] --START--
INFO: Run ReadHtmlCache Behavior [ RunTime:0.000871s ]
INFO: [ app_begin ] --END-- [ RunTime:0.000961s ]

[ 2013-10-22T12:09:26+08:00 ] 0.0.0.0 /php/index.php/Base/verify_code
INFO: [ route_check ] --START--
INFO: Run CheckRoute Behavior [ RunTime:0.000760s ]
INFO: [ route_check ] --END-- [ RunTime:0.000846s ]
INFO: [ app_begin ] --START--
INFO: Run ReadHtmlCache Behavior [ RunTime:0.000570s ]
INFO: [ app_begin ] --END-- [ RunTime:0.000641s ]

[ 2013-10-22T13:42:35+08:00 ] 0.0.0.0 /php/index.php/Base/verify_code
INFO: [ route_check ] --START--
INFO: Run CheckRoute Behavior [ RunTime:0.001373s ]
INFO: [ route_check ] --END-- [ RunTime:0.001483s ]
INFO: [ app_begin ] --START--
INFO: Run ReadHtmlCache Behavior [ RunTime:0.000782s ]
INFO: [ app_begin ] --END-- [ RunTime:0.000866s ]

[ 2013-10-22T14:00:11+08:00 ] ERR: (ThinkException) 无法加载模块:Index
[ 2013-10-22T14:03:05+08:00 ] 0.0.0.0 /php/index.php/Index/index
INFO: [ route_check ] --START--
INFO: Run CheckRoute Behavior [ RunTime:0.000814s ]
INFO: [ route_check ] --END-- [ RunTime:0.000885s ]
INFO: [ app_begin ] --START--
INFO: Run ReadHtmlCache Behavior [ RunTime:0.000463s ]
INFO: [ app_begin ] --END-- [ RunTime:0.000517s ]
SQL: SHOW COLUMNS FROM `aq_index_a` [ RunTime:0.002642s ]
ERR: Table 'aqzs.aq_index_a' doesn't exist
 [ SQL语句 ] : SHOW COLUMNS FROM `aq_index_a`

[ 2013-10-22T15:27:18+08:00 ] 0.0.0.0 /php/index.php/Base/verify_code
INFO: [ route_check ] --START--
INFO: Run CheckRoute Behavior [ RunTime:0.001373s ]
INFO: [ route_check ] --END-- [ RunTime:0.001484s ]
INFO: [ app_begin ] --START--
INFO: Run ReadHtmlCache Behavior [ RunTime:0.000855s ]
INFO: [ app_begin ] --END-- [ RunTime:0.000943s ]

[ 2013-10-22T18:09:55+08:00 ] 0.0.0.0 /php/index.php/Base/verify_code
INFO: [ route_check ] --START--
INFO: Run CheckRoute Behavior [ RunTime:0.000969s ]
INFO: [ route_check ] --END-- [ RunTime:0.001051s ]
INFO: [ app_begin ] --START--
INFO: Run ReadHtmlCache Behavior [ RunTime:0.000928s ]
INFO: [ app_begin ] --END-- [ RunTime:0.001031s ]

[ 2013-10-22T18:41:46+08:00 ] ERR: (ThinkException) 无法加载模块:Index
