[ 2013-10-18T15:46:13+08:00 ] 0.0.0.0 /php/
INFO: [ app_begin ] --START--
INFO: Run ReadHtmlCache Behavior [ RunTime:0.000679s ]
INFO: [ app_begin ] --END-- [ RunTime:0.000763s ]

[ 2013-10-18T15:46:16+08:00 ] 0.0.0.0 /php/
INFO: [ app_begin ] --START--
INFO: Run ReadHtmlCache Behavior [ RunTime:0.000475s ]
INFO: [ app_begin ] --END-- [ RunTime:0.000558s ]

[ 2013-10-18T16:09:46+08:00 ] 0.0.0.0 /php/index.php/Index/index
INFO: [ route_check ] --START--
INFO: Run CheckRoute Behavior [ RunTime:0.001209s ]
INFO: [ route_check ] --END-- [ RunTime:0.001313s ]
INFO: [ app_begin ] --START--
INFO: Run ReadHtmlCache Behavior [ RunTime:0.000584s ]
INFO: [ app_begin ] --END-- [ RunTime:0.000655s ]

[ 2013-10-18T16:09:56+08:00 ] 0.0.0.0 /php/index.php/Index/index
INFO: [ route_check ] --START--
INFO: Run CheckRoute Behavior [ RunTime:0.000730s ]
INFO: [ route_check ] --END-- [ RunTime:0.000802s ]
INFO: [ app_begin ] --START--
INFO: Run ReadHtmlCache Behavior [ RunTime:0.000527s ]
INFO: [ app_begin ] --END-- [ RunTime:0.000581s ]

[ 2013-10-18T17:13:52+08:00 ] 0.0.0.0 /php/index.php/Base/verify_code
INFO: [ route_check ] --START--
INFO: Run CheckRoute Behavior [ RunTime:0.001249s ]
INFO: [ route_check ] --END-- [ RunTime:0.001347s ]
INFO: [ app_begin ] --START--
INFO: Run ReadHtmlCache Behavior [ RunTime:0.000587s ]
INFO: [ app_begin ] --END-- [ RunTime:0.000670s ]

[ 2013-10-18T17:30:30+08:00 ] ERR: [4] syntax error, unexpected '<' D:\phpStudy\WWW\php\Home\Lib\Action\IndexAction.class.php 第 4 行.
[ 2013-10-18T17:30:39+08:00 ] ERR: [4] syntax error, unexpected '<' D:\phpStudy\WWW\php\Home\Lib\Action\IndexAction.class.php 第 4 行.
[ 2013-10-18T17:30:46+08:00 ] ERR: [4] syntax error, unexpected '<' D:\phpStudy\WWW\php\Home\Lib\Action\IndexAction.class.php 第 4 行.
[ 2013-10-18T17:31:05+08:00 ] ERR: [4] syntax error, unexpected '<' D:\phpStudy\WWW\php\Home\Lib\Action\IndexAction.class.php 第 4 行.
[ 2013-10-18T17:31:31+08:00 ] ERR: [4] syntax error, unexpected '<' D:\phpStudy\WWW\php\Home\Lib\Action\IndexAction.class.php 第 4 行.
[ 2013-10-18T17:32:06+08:00 ] ERR: [4] syntax error, unexpected '<' D:\phpStudy\WWW\php\Home\Lib\Action\IndexAction.class.php 第 4 行.
[ 2013-10-18T17:32:07+08:00 ] ERR: [4] syntax error, unexpected '<' D:\phpStudy\WWW\php\Home\Lib\Action\IndexAction.class.php 第 4 行.
[ 2013-10-18T17:32:34+08:00 ] ERR: [4] syntax error, unexpected '<' D:\phpStudy\WWW\php\Home\Lib\Action\IndexAction.class.php 第 4 行.
[ 2013-10-18T17:33:12+08:00 ] ERR: [4] syntax error, unexpected '<' D:\phpStudy\WWW\php\Home\Lib\Action\IndexAction.class.php 第 4 行.
[ 2013-10-18T17:33:51+08:00 ] ERR: [4] syntax error, unexpected '<' D:\phpStudy\WWW\php\Home\Lib\Action\IndexAction.class.php 第 4 行.
[ 2013-10-18T17:36:21+08:00 ] 0.0.0.0 /php/index.php/Base/verify_code
INFO: [ route_check ] --START--
INFO: Run CheckRoute Behavior [ RunTime:0.000900s ]
INFO: [ route_check ] --END-- [ RunTime:0.000989s ]
INFO: [ app_begin ] --START--
INFO: Run ReadHtmlCache Behavior [ RunTime:0.000620s ]
INFO: [ app_begin ] --END-- [ RunTime:0.000708s ]

[ 2013-10-18T21:09:53+08:00 ] 0.0.0.0 /php/index.php/Base/verify_code
INFO: [ route_check ] --START--
INFO: Run CheckRoute Behavior [ RunTime:0.001030s ]
INFO: [ route_check ] --END-- [ RunTime:0.001116s ]
INFO: [ app_begin ] --START--
INFO: Run ReadHtmlCache Behavior [ RunTime:0.001185s ]
INFO: [ app_begin ] --END-- [ RunTime:0.001295s ]

