[ 2013-11-04T09:13:08+08:00 ] 0.0.0.0 /aqzsjs/index.php/Base/verify_code
INFO: [ route_check ] --START--
INFO: Run CheckRoute Behavior [ RunTime:0.001666s ]
INFO: [ route_check ] --END-- [ RunTime:0.001774s ]
INFO: [ app_begin ] --START--
INFO: Run ReadHtmlCache Behavior [ RunTime:0.001467s ]
INFO: [ app_begin ] --END-- [ RunTime:0.001585s ]

[ 2013-11-04T09:13:40+08:00 ] 0.0.0.0 /aqzsjs/
INFO: [ app_begin ] --START--
INFO: Run ReadHtmlCache Behavior [ RunTime:0.000691s ]
INFO: [ app_begin ] --END-- [ RunTime:0.000796s ]
NOTIC: [2048] Declaration of IndexAction::error() should be compatible with that of Action::error() D:\phpStudy\WWW\aqzsjs\Home\Lib\Action\IndexAction.class.php 第 3 行.
INFO: [ view_template ] --START--
INFO: Run LocationTemplate Behavior [ RunTime:0.003363s ]
INFO: [ view_template ] --END-- [ RunTime:0.003620s ]
INFO: [ view_parse ] --START--
NOTIC: [8] Undefined variable: error D:\phpStudy\WWW\aqzsjs\Cache\Runtime\Home\Cache\7e4848229090366086cc7eeb3bfc0798.php 第 97 行.
INFO: Run ParseTemplate Behavior [ RunTime:0.014704s ]
INFO: [ view_parse ] --END-- [ RunTime:0.014862s ]
INFO: [ view_filter ] --START--
INFO: Run ContentReplace Behavior [ RunTime:0.000475s ]
INFO: Run TokenBuild Behavior [ RunTime:0.000504s ]
INFO: Run WriteHtmlCache Behavior [ RunTime:0.000339s ]
INFO: Run ShowRuntime Behavior [ RunTime:0.000819s ]
INFO: [ view_filter ] --END-- [ RunTime:0.002360s ]
INFO: [ view_end ] --START--
INFO: Run ShowPageTrace Behavior [ RunTime:0.001020s ]
INFO: [ view_end ] --END-- [ RunTime:0.001098s ]

[ 2013-11-04T09:20:56+08:00 ] 0.0.0.0 /aqzsjs/index.php/Index/index
INFO: [ route_check ] --START--
INFO: Run CheckRoute Behavior [ RunTime:0.000966s ]
INFO: [ route_check ] --END-- [ RunTime:0.001058s ]
INFO: [ app_begin ] --START--
INFO: Run ReadHtmlCache Behavior [ RunTime:0.000575s ]
INFO: [ app_begin ] --END-- [ RunTime:0.000639s ]
NOTIC: [2048] Declaration of IndexAction::error() should be compatible with that of Action::error() D:\phpStudy\WWW\aqzsjs\Home\Lib\Action\IndexAction.class.php 第 3 行.
INFO: [ view_template ] --START--
INFO: Run LocationTemplate Behavior [ RunTime:0.000764s ]
INFO: [ view_template ] --END-- [ RunTime:0.000828s ]
INFO: [ view_parse ] --START--
NOTIC: [8] Undefined variable: error D:\phpStudy\WWW\aqzsjs\Cache\Runtime\Home\Cache\7e4848229090366086cc7eeb3bfc0798.php 第 97 行.
INFO: Run ParseTemplate Behavior [ RunTime:0.006651s ]
INFO: [ view_parse ] --END-- [ RunTime:0.006715s ]
INFO: [ view_filter ] --START--
INFO: Run ContentReplace Behavior [ RunTime:0.000454s ]
INFO: Run TokenBuild Behavior [ RunTime:0.000451s ]
INFO: Run WriteHtmlCache Behavior [ RunTime:0.000379s ]
INFO: Run ShowRuntime Behavior [ RunTime:0.000538s ]
INFO: [ view_filter ] --END-- [ RunTime:0.001981s ]
INFO: [ view_end ] --START--
INFO: Run ShowPageTrace Behavior [ RunTime:0.000642s ]
INFO: [ view_end ] --END-- [ RunTime:0.000695s ]

[ 2013-11-04T09:21:02+08:00 ] 0.0.0.0 /aqzsjs/index.php/Index/index
INFO: [ route_check ] --START--
INFO: Run CheckRoute Behavior [ RunTime:0.000722s ]
INFO: [ route_check ] --END-- [ RunTime:0.000811s ]
INFO: [ app_begin ] --START--
INFO: Run ReadHtmlCache Behavior [ RunTime:0.000764s ]
INFO: [ app_begin ] --END-- [ RunTime:0.000891s ]
NOTIC: [2048] Declaration of IndexAction::error() should be compatible with that of Action::error() D:\phpStudy\WWW\aqzsjs\Home\Lib\Action\IndexAction.class.php 第 3 行.
SQL: SHOW COLUMNS FROM `aq_member` [ RunTime:0.002655s ]
SQL: SELECT * FROM `aq_member` WHERE ( school_ID=10121040108 ) LIMIT 1   [ RunTime:0.000427s ]

[ 2013-11-04T09:21:02+08:00 ] 0.0.0.0 /aqzsjs/index.php/Index/info
INFO: [ route_check ] --START--
INFO: Run CheckRoute Behavior [ RunTime:0.000599s ]
INFO: [ route_check ] --END-- [ RunTime:0.000667s ]
INFO: [ app_begin ] --START--
INFO: Run ReadHtmlCache Behavior [ RunTime:0.000411s ]
INFO: [ app_begin ] --END-- [ RunTime:0.000462s ]
NOTIC: [2048] Declaration of IndexAction::error() should be compatible with that of Action::error() D:\phpStudy\WWW\aqzsjs\Home\Lib\Action\IndexAction.class.php 第 3 行.
INFO: [ view_template ] --START--
INFO: Run LocationTemplate Behavior [ RunTime:0.000798s ]
INFO: [ view_template ] --END-- [ RunTime:0.000896s ]
INFO: [ view_parse ] --START--
INFO: Run ParseTemplate Behavior [ RunTime:0.011378s ]
INFO: [ view_parse ] --END-- [ RunTime:0.011453s ]
INFO: [ view_filter ] --START--
INFO: Run ContentReplace Behavior [ RunTime:0.000322s ]
INFO: Run TokenBuild Behavior [ RunTime:0.000375s ]
INFO: Run WriteHtmlCache Behavior [ RunTime:0.000215s ]
INFO: Run ShowRuntime Behavior [ RunTime:0.000462s ]
INFO: [ view_filter ] --END-- [ RunTime:0.001514s ]
INFO: [ view_end ] --START--
INFO: Run ShowPageTrace Behavior [ RunTime:0.000603s ]
INFO: [ view_end ] --END-- [ RunTime:0.000658s ]

[ 2013-11-04T09:21:04+08:00 ] 0.0.0.0 /aqzsjs/index.php/Index/run.html
INFO: [ route_check ] --START--
INFO: Run CheckRoute Behavior [ RunTime:0.000710s ]
INFO: [ route_check ] --END-- [ RunTime:0.000792s ]
INFO: [ app_begin ] --START--
INFO: Run ReadHtmlCache Behavior [ RunTime:0.000487s ]
INFO: [ app_begin ] --END-- [ RunTime:0.000572s ]
NOTIC: [2048] Declaration of IndexAction::error() should be compatible with that of Action::error() D:\phpStudy\WWW\aqzsjs\Home\Lib\Action\IndexAction.class.php 第 3 行.
INFO: [ view_template ] --START--
INFO: Run LocationTemplate Behavior [ RunTime:0.000897s ]
INFO: [ view_template ] --END-- [ RunTime:0.000973s ]
INFO: [ view_parse ] --START--
INFO: Run ParseTemplate Behavior [ RunTime:0.093210s ]
INFO: [ view_parse ] --END-- [ RunTime:0.093290s ]
INFO: [ view_filter ] --START--
INFO: Run ContentReplace Behavior [ RunTime:0.001158s ]
INFO: Run TokenBuild Behavior [ RunTime:0.000811s ]
INFO: Run WriteHtmlCache Behavior [ RunTime:0.000258s ]
INFO: Run ShowRuntime Behavior [ RunTime:0.000642s ]
INFO: [ view_filter ] --END-- [ RunTime:0.003029s ]
INFO: [ view_end ] --START--
INFO: Run ShowPageTrace Behavior [ RunTime:0.000628s ]
INFO: [ view_end ] --END-- [ RunTime:0.000677s ]

[ 2013-11-04T09:35:08+08:00 ] 0.0.0.0 /aqzsjs/index.php/Index/index
INFO: [ route_check ] --START--
INFO: Run CheckRoute Behavior [ RunTime:0.001228s ]
INFO: [ route_check ] --END-- [ RunTime:0.001324s ]
INFO: [ app_begin ] --START--
INFO: Run ReadHtmlCache Behavior [ RunTime:0.000927s ]
INFO: [ app_begin ] --END-- [ RunTime:0.000999s ]
NOTIC: [2048] Declaration of IndexAction::error() should be compatible with that of Action::error() D:\phpStudy\WWW\aqzsjs\Home\Lib\Action\IndexAction.class.php 第 3 行.
INFO: [ view_template ] --START--
INFO: Run LocationTemplate Behavior [ RunTime:0.001171s ]
INFO: [ view_template ] --END-- [ RunTime:0.001243s ]
INFO: [ view_parse ] --START--
NOTIC: [8] Undefined variable: error D:\phpStudy\WWW\aqzsjs\Cache\Runtime\Home\Cache\7e4848229090366086cc7eeb3bfc0798.php 第 97 行.
INFO: Run ParseTemplate Behavior [ RunTime:0.008685s ]
INFO: [ view_parse ] --END-- [ RunTime:0.008755s ]
INFO: [ view_filter ] --START--
INFO: Run ContentReplace Behavior [ RunTime:0.000804s ]
INFO: Run TokenBuild Behavior [ RunTime:0.000798s ]
INFO: Run WriteHtmlCache Behavior [ RunTime:0.000639s ]
INFO: Run ShowRuntime Behavior [ RunTime:0.000816s ]
INFO: [ view_filter ] --END-- [ RunTime:0.003228s ]
INFO: [ view_end ] --START--
INFO: Run ShowPageTrace Behavior [ RunTime:0.000924s ]
INFO: [ view_end ] --END-- [ RunTime:0.000986s ]

[ 2013-11-04T09:35:23+08:00 ] 0.0.0.0 /aqzsjs/index.php/Base/verify_code
INFO: [ route_check ] --START--
INFO: Run CheckRoute Behavior [ RunTime:0.002005s ]
INFO: [ route_check ] --END-- [ RunTime:0.002237s ]
INFO: [ app_begin ] --START--
INFO: Run ReadHtmlCache Behavior [ RunTime:0.001465s ]
INFO: [ app_begin ] --END-- [ RunTime:0.001673s ]

[ 2013-11-04T09:36:46+08:00 ] 0.0.0.0 /aqzsjs/
INFO: [ app_begin ] --START--
INFO: Run ReadHtmlCache Behavior [ RunTime:0.000852s ]
INFO: [ app_begin ] --END-- [ RunTime:0.000982s ]
NOTIC: [2048] Declaration of IndexAction::error() should be compatible with that of Action::error() D:\phpStudy\WWW\aqzsjs\Home\Lib\Action\IndexAction.class.php 第 3 行.
INFO: [ view_template ] --START--
INFO: Run LocationTemplate Behavior [ RunTime:0.001618s ]
INFO: [ view_template ] --END-- [ RunTime:0.001750s ]
INFO: [ view_parse ] --START--
NOTIC: [8] Undefined variable: error D:\phpStudy\WWW\aqzsjs\Cache\Runtime\Home\Cache\7e4848229090366086cc7eeb3bfc0798.php 第 97 行.
INFO: Run ParseTemplate Behavior [ RunTime:0.012036s ]
INFO: [ view_parse ] --END-- [ RunTime:0.012168s ]
INFO: [ view_filter ] --START--
INFO: Run ContentReplace Behavior [ RunTime:0.000685s ]
INFO: Run TokenBuild Behavior [ RunTime:0.000753s ]
INFO: Run WriteHtmlCache Behavior [ RunTime:0.000462s ]
INFO: Run ShowRuntime Behavior [ RunTime:0.001081s ]
INFO: [ view_filter ] --END-- [ RunTime:0.003315s ]
INFO: [ view_end ] --START--
INFO: Run ShowPageTrace Behavior [ RunTime:0.001521s ]
INFO: [ view_end ] --END-- [ RunTime:0.001657s ]

[ 2013-11-04T09:37:24+08:00 ] 0.0.0.0 /aqzsjs/
INFO: [ app_begin ] --START--
INFO: Run ReadHtmlCache Behavior [ RunTime:0.000521s ]
INFO: [ app_begin ] --END-- [ RunTime:0.000600s ]
NOTIC: [2048] Declaration of IndexAction::error() should be compatible with that of Action::error() D:\phpStudy\WWW\aqzsjs\Home\Lib\Action\IndexAction.class.php 第 3 行.
SQL: SHOW COLUMNS FROM `aq_member` [ RunTime:0.003355s ]
SQL: SELECT * FROM `aq_member` WHERE ( school_ID=10121040108 ) LIMIT 1   [ RunTime:0.000389s ]

[ 2013-11-04T09:37:24+08:00 ] 0.0.0.0 /aqzsjs/index.php/Index/info
INFO: [ route_check ] --START--
INFO: Run CheckRoute Behavior [ RunTime:0.000704s ]
INFO: [ route_check ] --END-- [ RunTime:0.000785s ]
INFO: [ app_begin ] --START--
INFO: Run ReadHtmlCache Behavior [ RunTime:0.000504s ]
INFO: [ app_begin ] --END-- [ RunTime:0.000569s ]
NOTIC: [2048] Declaration of IndexAction::error() should be compatible with that of Action::error() D:\phpStudy\WWW\aqzsjs\Home\Lib\Action\IndexAction.class.php 第 3 行.
INFO: [ view_template ] --START--
INFO: Run LocationTemplate Behavior [ RunTime:0.000872s ]
INFO: [ view_template ] --END-- [ RunTime:0.000940s ]
INFO: [ view_parse ] --START--
INFO: Run ParseTemplate Behavior [ RunTime:0.007804s ]
INFO: [ view_parse ] --END-- [ RunTime:0.007890s ]
INFO: [ view_filter ] --START--
INFO: Run ContentReplace Behavior [ RunTime:0.000411s ]
INFO: Run TokenBuild Behavior [ RunTime:0.000378s ]
INFO: Run WriteHtmlCache Behavior [ RunTime:0.000270s ]
INFO: Run ShowRuntime Behavior [ RunTime:0.000596s ]
INFO: [ view_filter ] --END-- [ RunTime:0.001832s ]
INFO: [ view_end ] --START--
INFO: Run ShowPageTrace Behavior [ RunTime:0.000730s ]
INFO: [ view_end ] --END-- [ RunTime:0.000788s ]

[ 2013-11-04T09:37:31+08:00 ] 0.0.0.0 /aqzsjs/index.php/Index/run.html
INFO: [ route_check ] --START--
INFO: Run CheckRoute Behavior [ RunTime:0.000702s ]
INFO: [ route_check ] --END-- [ RunTime:0.000790s ]
INFO: [ app_begin ] --START--
INFO: Run ReadHtmlCache Behavior [ RunTime:0.000487s ]
INFO: [ app_begin ] --END-- [ RunTime:0.000550s ]
NOTIC: [2048] Declaration of IndexAction::error() should be compatible with that of Action::error() D:\phpStudy\WWW\aqzsjs\Home\Lib\Action\IndexAction.class.php 第 3 行.
INFO: [ view_template ] --START--
INFO: Run LocationTemplate Behavior [ RunTime:0.000912s ]
INFO: [ view_template ] --END-- [ RunTime:0.000982s ]
INFO: [ view_parse ] --START--
INFO: Run ParseTemplate Behavior [ RunTime:0.036455s ]
INFO: [ view_parse ] --END-- [ RunTime:0.036536s ]
INFO: [ view_filter ] --START--
INFO: Run ContentReplace Behavior [ RunTime:0.001205s ]
INFO: Run TokenBuild Behavior [ RunTime:0.000879s ]
INFO: Run WriteHtmlCache Behavior [ RunTime:0.000251s ]
INFO: Run ShowRuntime Behavior [ RunTime:0.000686s ]
INFO: [ view_filter ] --END-- [ RunTime:0.003196s ]
INFO: [ view_end ] --START--
INFO: Run ShowPageTrace Behavior [ RunTime:0.000650s ]
INFO: [ view_end ] --END-- [ RunTime:0.000701s ]

[ 2013-11-04T09:38:04+08:00 ] 0.0.0.0 /aqzsjs/index.php/Index/run.html
INFO: [ route_check ] --START--
INFO: Run CheckRoute Behavior [ RunTime:0.000707s ]
INFO: [ route_check ] --END-- [ RunTime:0.000792s ]
INFO: [ app_begin ] --START--
INFO: Run ReadHtmlCache Behavior [ RunTime:0.000498s ]
INFO: [ app_begin ] --END-- [ RunTime:0.000565s ]
NOTIC: [2048] Declaration of IndexAction::error() should be compatible with that of Action::error() D:\phpStudy\WWW\aqzsjs\Home\Lib\Action\IndexAction.class.php 第 3 行.
SQL: SHOW COLUMNS FROM `aq_ti` [ RunTime:0.002823s ]
SQL: SELECT `daan` FROM `aq_ti` WHERE ( id=3 ) LIMIT 1   [ RunTime:0.186795s ]
NOTIC: [8] Undefined index: q1 D:\phpStudy\WWW\aqzsjs\Home\Lib\Action\IndexAction.class.php 第 45 行.
NOTIC: [8] Undefined index: q1 D:\phpStudy\WWW\aqzsjs\Home\Lib\Action\IndexAction.class.php 第 48 行.
NOTIC: [8] Undefined index: q2 D:\phpStudy\WWW\aqzsjs\Home\Lib\Action\IndexAction.class.php 第 45 行.
NOTIC: [8] Undefined index: q2 D:\phpStudy\WWW\aqzsjs\Home\Lib\Action\IndexAction.class.php 第 48 行.
NOTIC: [8] Undefined index: q3 D:\phpStudy\WWW\aqzsjs\Home\Lib\Action\IndexAction.class.php 第 45 行.
NOTIC: [8] Undefined index: q3 D:\phpStudy\WWW\aqzsjs\Home\Lib\Action\IndexAction.class.php 第 48 行.
NOTIC: [8] Undefined index: q4 D:\phpStudy\WWW\aqzsjs\Home\Lib\Action\IndexAction.class.php 第 45 行.
NOTIC: [8] Undefined index: q4 D:\phpStudy\WWW\aqzsjs\Home\Lib\Action\IndexAction.class.php 第 48 行.
NOTIC: [8] Undefined index: q5 D:\phpStudy\WWW\aqzsjs\Home\Lib\Action\IndexAction.class.php 第 45 行.
NOTIC: [8] Undefined index: q5 D:\phpStudy\WWW\aqzsjs\Home\Lib\Action\IndexAction.class.php 第 48 行.
NOTIC: [8] Undefined index: q6 D:\phpStudy\WWW\aqzsjs\Home\Lib\Action\IndexAction.class.php 第 45 行.
NOTIC: [8] Undefined index: q6 D:\phpStudy\WWW\aqzsjs\Home\Lib\Action\IndexAction.class.php 第 48 行.
NOTIC: [8] Undefined index: q7 D:\phpStudy\WWW\aqzsjs\Home\Lib\Action\IndexAction.class.php 第 45 行.
NOTIC: [8] Undefined index: q7 D:\phpStudy\WWW\aqzsjs\Home\Lib\Action\IndexAction.class.php 第 48 行.
NOTIC: [8] Undefined index: q8 D:\phpStudy\WWW\aqzsjs\Home\Lib\Action\IndexAction.class.php 第 45 行.
NOTIC: [8] Undefined index: q8 D:\phpStudy\WWW\aqzsjs\Home\Lib\Action\IndexAction.class.php 第 48 行.
NOTIC: [8] Undefined index: q9 D:\phpStudy\WWW\aqzsjs\Home\Lib\Action\IndexAction.class.php 第 45 行.
NOTIC: [8] Undefined index: q9 D:\phpStudy\WWW\aqzsjs\Home\Lib\Action\IndexAction.class.php 第 48 行.
NOTIC: [8] Undefined index: q10 D:\phpStudy\WWW\aqzsjs\Home\Lib\Action\IndexAction.class.php 第 45 行.
NOTIC: [8] Undefined index: q10 D:\phpStudy\WWW\aqzsjs\Home\Lib\Action\IndexAction.class.php 第 48 行.
NOTIC: [8] Undefined index: q11 D:\phpStudy\WWW\aqzsjs\Home\Lib\Action\IndexAction.class.php 第 45 行.
NOTIC: [8] Undefined index: q11 D:\phpStudy\WWW\aqzsjs\Home\Lib\Action\IndexAction.class.php 第 48 行.
NOTIC: [8] Undefined index: q12 D:\phpStudy\WWW\aqzsjs\Home\Lib\Action\IndexAction.class.php 第 45 行.
NOTIC: [8] Undefined index: q12 D:\phpStudy\WWW\aqzsjs\Home\Lib\Action\IndexAction.class.php 第 48 行.
NOTIC: [8] Undefined index: q13 D:\phpStudy\WWW\aqzsjs\Home\Lib\Action\IndexAction.class.php 第 45 行.
NOTIC: [8] Undefined index: q13 D:\phpStudy\WWW\aqzsjs\Home\Lib\Action\IndexAction.class.php 第 48 行.
NOTIC: [8] Undefined index: q14 D:\phpStudy\WWW\aqzsjs\Home\Lib\Action\IndexAction.class.php 第 45 行.
NOTIC: [8] Undefined index: q14 D:\phpStudy\WWW\aqzsjs\Home\Lib\Action\IndexAction.class.php 第 48 行.
NOTIC: [8] Undefined index: q15 D:\phpStudy\WWW\aqzsjs\Home\Lib\Action\IndexAction.class.php 第 45 行.
NOTIC: [8] Undefined index: q15 D:\phpStudy\WWW\aqzsjs\Home\Lib\Action\IndexAction.class.php 第 48 行.
NOTIC: [8] Undefined index: q16 D:\phpStudy\WWW\aqzsjs\Home\Lib\Action\IndexAction.class.php 第 45 行.
NOTIC: [8] Undefined index: q16 D:\phpStudy\WWW\aqzsjs\Home\Lib\Action\IndexAction.class.php 第 48 行.
NOTIC: [8] Undefined index: q17 D:\phpStudy\WWW\aqzsjs\Home\Lib\Action\IndexAction.class.php 第 45 行.
NOTIC: [8] Undefined index: q17 D:\phpStudy\WWW\aqzsjs\Home\Lib\Action\IndexAction.class.php 第 48 行.
NOTIC: [8] Undefined index: q18 D:\phpStudy\WWW\aqzsjs\Home\Lib\Action\IndexAction.class.php 第 45 行.
NOTIC: [8] Undefined index: q18 D:\phpStudy\WWW\aqzsjs\Home\Lib\Action\IndexAction.class.php 第 48 行.
NOTIC: [8] Undefined index: q19 D:\phpStudy\WWW\aqzsjs\Home\Lib\Action\IndexAction.class.php 第 45 行.
NOTIC: [8] Undefined index: q19 D:\phpStudy\WWW\aqzsjs\Home\Lib\Action\IndexAction.class.php 第 48 行.
NOTIC: [8] Undefined index: q20 D:\phpStudy\WWW\aqzsjs\Home\Lib\Action\IndexAction.class.php 第 45 行.
NOTIC: [8] Undefined index: q20 D:\phpStudy\WWW\aqzsjs\Home\Lib\Action\IndexAction.class.php 第 48 行.
NOTIC: [8] Undefined index: q21 D:\phpStudy\WWW\aqzsjs\Home\Lib\Action\IndexAction.class.php 第 45 行.
NOTIC: [8] Undefined index: q21 D:\phpStudy\WWW\aqzsjs\Home\Lib\Action\IndexAction.class.php 第 48 行.
NOTIC: [8] Undefined index: q25 D:\phpStudy\WWW\aqzsjs\Home\Lib\Action\IndexAction.class.php 第 45 行.
NOTIC: [8] Undefined index: q25 D:\phpStudy\WWW\aqzsjs\Home\Lib\Action\IndexAction.class.php 第 48 行.
NOTIC: [8] Undefined index: q26 D:\phpStudy\WWW\aqzsjs\Home\Lib\Action\IndexAction.class.php 第 45 行.
NOTIC: [8] Undefined index: q26 D:\phpStudy\WWW\aqzsjs\Home\Lib\Action\IndexAction.class.php 第 48 行.
NOTIC: [8] Undefined index: q27 D:\phpStudy\WWW\aqzsjs\Home\Lib\Action\IndexAction.class.php 第 45 行.
NOTIC: [8] Undefined index: q27 D:\phpStudy\WWW\aqzsjs\Home\Lib\Action\IndexAction.class.php 第 48 行.
NOTIC: [8] Undefined index: q28 D:\phpStudy\WWW\aqzsjs\Home\Lib\Action\IndexAction.class.php 第 45 行.
NOTIC: [8] Undefined index: q28 D:\phpStudy\WWW\aqzsjs\Home\Lib\Action\IndexAction.class.php 第 48 行.
NOTIC: [8] Undefined index: q29 D:\phpStudy\WWW\aqzsjs\Home\Lib\Action\IndexAction.class.php 第 45 行.
NOTIC: [8] Undefined index: q29 D:\phpStudy\WWW\aqzsjs\Home\Lib\Action\IndexAction.class.php 第 48 行.
NOTIC: [8] Undefined index: q30 D:\phpStudy\WWW\aqzsjs\Home\Lib\Action\IndexAction.class.php 第 45 行.
NOTIC: [8] Undefined index: q30 D:\phpStudy\WWW\aqzsjs\Home\Lib\Action\IndexAction.class.php 第 48 行.
NOTIC: [8] Undefined index: q31 D:\phpStudy\WWW\aqzsjs\Home\Lib\Action\IndexAction.class.php 第 45 行.
NOTIC: [8] Undefined index: q31 D:\phpStudy\WWW\aqzsjs\Home\Lib\Action\IndexAction.class.php 第 48 行.
NOTIC: [8] Undefined index: q32 D:\phpStudy\WWW\aqzsjs\Home\Lib\Action\IndexAction.class.php 第 45 行.
NOTIC: [8] Undefined index: q32 D:\phpStudy\WWW\aqzsjs\Home\Lib\Action\IndexAction.class.php 第 48 行.
NOTIC: [8] Undefined index: q33 D:\phpStudy\WWW\aqzsjs\Home\Lib\Action\IndexAction.class.php 第 45 行.
NOTIC: [8] Undefined index: q33 D:\phpStudy\WWW\aqzsjs\Home\Lib\Action\IndexAction.class.php 第 48 行.
NOTIC: [8] Undefined index: q34 D:\phpStudy\WWW\aqzsjs\Home\Lib\Action\IndexAction.class.php 第 45 行.
NOTIC: [8] Undefined index: q34 D:\phpStudy\WWW\aqzsjs\Home\Lib\Action\IndexAction.class.php 第 48 行.
NOTIC: [8] Undefined index: q35 D:\phpStudy\WWW\aqzsjs\Home\Lib\Action\IndexAction.class.php 第 45 行.
NOTIC: [8] Undefined index: q35 D:\phpStudy\WWW\aqzsjs\Home\Lib\Action\IndexAction.class.php 第 48 行.
NOTIC: [8] Undefined index: q36 D:\phpStudy\WWW\aqzsjs\Home\Lib\Action\IndexAction.class.php 第 45 行.
NOTIC: [8] Undefined index: q36 D:\phpStudy\WWW\aqzsjs\Home\Lib\Action\IndexAction.class.php 第 48 行.
NOTIC: [8] Undefined index: q37 D:\phpStudy\WWW\aqzsjs\Home\Lib\Action\IndexAction.class.php 第 45 行.
NOTIC: [8] Undefined index: q37 D:\phpStudy\WWW\aqzsjs\Home\Lib\Action\IndexAction.class.php 第 48 行.
NOTIC: [8] Undefined index: q38 D:\phpStudy\WWW\aqzsjs\Home\Lib\Action\IndexAction.class.php 第 45 行.
NOTIC: [8] Undefined index: q38 D:\phpStudy\WWW\aqzsjs\Home\Lib\Action\IndexAction.class.php 第 48 行.
NOTIC: [8] Undefined index: q39 D:\phpStudy\WWW\aqzsjs\Home\Lib\Action\IndexAction.class.php 第 45 行.
NOTIC: [8] Undefined index: q39 D:\phpStudy\WWW\aqzsjs\Home\Lib\Action\IndexAction.class.php 第 48 行.
NOTIC: [8] Undefined index: q40 D:\phpStudy\WWW\aqzsjs\Home\Lib\Action\IndexAction.class.php 第 45 行.
NOTIC: [8] Undefined index: q40 D:\phpStudy\WWW\aqzsjs\Home\Lib\Action\IndexAction.class.php 第 48 行.
NOTIC: [8] Undefined index: q41 D:\phpStudy\WWW\aqzsjs\Home\Lib\Action\IndexAction.class.php 第 45 行.
NOTIC: [8] Undefined index: q41 D:\phpStudy\WWW\aqzsjs\Home\Lib\Action\IndexAction.class.php 第 48 行.
NOTIC: [8] Undefined index: q42 D:\phpStudy\WWW\aqzsjs\Home\Lib\Action\IndexAction.class.php 第 45 行.
NOTIC: [8] Undefined index: q42 D:\phpStudy\WWW\aqzsjs\Home\Lib\Action\IndexAction.class.php 第 48 行.
NOTIC: [8] Undefined index: q43 D:\phpStudy\WWW\aqzsjs\Home\Lib\Action\IndexAction.class.php 第 45 行.
NOTIC: [8] Undefined index: q43 D:\phpStudy\WWW\aqzsjs\Home\Lib\Action\IndexAction.class.php 第 48 行.
NOTIC: [8] Undefined index: q44 D:\phpStudy\WWW\aqzsjs\Home\Lib\Action\IndexAction.class.php 第 45 行.
NOTIC: [8] Undefined index: q44 D:\phpStudy\WWW\aqzsjs\Home\Lib\Action\IndexAction.class.php 第 48 行.
NOTIC: [8] Undefined index: q45 D:\phpStudy\WWW\aqzsjs\Home\Lib\Action\IndexAction.class.php 第 45 行.
NOTIC: [8] Undefined index: q45 D:\phpStudy\WWW\aqzsjs\Home\Lib\Action\IndexAction.class.php 第 48 行.
NOTIC: [8] Undefined index: q46 D:\phpStudy\WWW\aqzsjs\Home\Lib\Action\IndexAction.class.php 第 45 行.
NOTIC: [8] Undefined index: q46 D:\phpStudy\WWW\aqzsjs\Home\Lib\Action\IndexAction.class.php 第 48 行.
NOTIC: [8] Undefined index: q47 D:\phpStudy\WWW\aqzsjs\Home\Lib\Action\IndexAction.class.php 第 45 行.
NOTIC: [8] Undefined index: q47 D:\phpStudy\WWW\aqzsjs\Home\Lib\Action\IndexAction.class.php 第 48 行.
NOTIC: [8] Undefined index: q48 D:\phpStudy\WWW\aqzsjs\Home\Lib\Action\IndexAction.class.php 第 45 行.
NOTIC: [8] Undefined index: q48 D:\phpStudy\WWW\aqzsjs\Home\Lib\Action\IndexAction.class.php 第 48 行.
NOTIC: [8] Undefined index: q49 D:\phpStudy\WWW\aqzsjs\Home\Lib\Action\IndexAction.class.php 第 45 行.
NOTIC: [8] Undefined index: q49 D:\phpStudy\WWW\aqzsjs\Home\Lib\Action\IndexAction.class.php 第 48 行.
NOTIC: [8] Undefined index: q50 D:\phpStudy\WWW\aqzsjs\Home\Lib\Action\IndexAction.class.php 第 45 行.
NOTIC: [8] Undefined index: q50 D:\phpStudy\WWW\aqzsjs\Home\Lib\Action\IndexAction.class.php 第 48 行.
SQL: SHOW COLUMNS FROM `aq_member` [ RunTime:0.009599s ]
SQL: UPDATE `aq_member` SET `fraction`=0,`answer`='|||||||||||||||||||||1|4|4|||||||||||||||||||||||||||',`isdone`=1 WHERE ( id=1 ) [ RunTime:0.001543s ]
INFO: [ view_template ] --START--
INFO: Run LocationTemplate Behavior [ RunTime:0.001970s ]
INFO: [ view_template ] --END-- [ RunTime:0.002187s ]
INFO: [ view_parse ] --START--
NOTIC: [8] Use of undefined constant HTTP_HOST - assumed 'HTTP_HOST' D:\phpStudy\WWW\aqzsjs\Cache\Runtime\Home\Cache\fb6b3aae07e58719bb4aa97d8ea4810a.php 第 64 行.
INFO: Run ParseTemplate Behavior [ RunTime:0.023495s ]
INFO: [ view_parse ] --END-- [ RunTime:0.023770s ]
INFO: [ view_filter ] --START--
INFO: Run ContentReplace Behavior [ RunTime:0.001227s ]
INFO: Run TokenBuild Behavior [ RunTime:0.001209s ]
INFO: Run WriteHtmlCache Behavior [ RunTime:0.000819s ]
INFO: Run ShowRuntime Behavior [ RunTime:0.001794s ]
INFO: [ view_filter ] --END-- [ RunTime:0.005556s ]
INFO: [ view_end ] --START--
INFO: Run ShowPageTrace Behavior [ RunTime:0.002208s ]
INFO: [ view_end ] --END-- [ RunTime:0.002414s ]

[ 2013-11-04T09:38:09+08:00 ] 0.0.0.0 /aqzsjs/index.php/Index/info
INFO: [ route_check ] --START--
INFO: Run CheckRoute Behavior [ RunTime:0.002199s ]
INFO: [ route_check ] --END-- [ RunTime:0.002445s ]
INFO: [ app_begin ] --START--
INFO: Run ReadHtmlCache Behavior [ RunTime:0.001499s ]
INFO: [ app_begin ] --END-- [ RunTime:0.001711s ]
NOTIC: [2048] Declaration of IndexAction::error() should be compatible with that of Action::error() D:\phpStudy\WWW\aqzsjs\Home\Lib\Action\IndexAction.class.php 第 3 行.
INFO: [ view_template ] --START--
INFO: Run LocationTemplate Behavior [ RunTime:0.002700s ]
INFO: [ view_template ] --END-- [ RunTime:0.002952s ]
INFO: [ view_parse ] --START--
INFO: Run ParseTemplate Behavior [ RunTime:0.024332s ]
INFO: [ view_parse ] --END-- [ RunTime:0.024674s ]
INFO: [ view_filter ] --START--
INFO: Run ContentReplace Behavior [ RunTime:0.001200s ]
INFO: Run TokenBuild Behavior [ RunTime:0.001271s ]
INFO: Run WriteHtmlCache Behavior [ RunTime:0.000848s ]
INFO: Run ShowRuntime Behavior [ RunTime:0.001994s ]
INFO: [ view_filter ] --END-- [ RunTime:0.005916s ]
INFO: [ view_end ] --START--
INFO: Run ShowPageTrace Behavior [ RunTime:0.003000s ]
INFO: [ view_end ] --END-- [ RunTime:0.003254s ]

[ 2013-11-04T09:38:19+08:00 ] 0.0.0.0 /aqzsjs/index.php/Index/out
INFO: [ route_check ] --START--
INFO: Run CheckRoute Behavior [ RunTime:0.000841s ]
INFO: [ route_check ] --END-- [ RunTime:0.000952s ]
INFO: [ app_begin ] --START--
INFO: Run ReadHtmlCache Behavior [ RunTime:0.000635s ]
INFO: [ app_begin ] --END-- [ RunTime:0.000761s ]
NOTIC: [2048] Declaration of IndexAction::error() should be compatible with that of Action::error() D:\phpStudy\WWW\aqzsjs\Home\Lib\Action\IndexAction.class.php 第 3 行.

[ 2013-11-04T09:38:19+08:00 ] 0.0.0.0 /aqzsjs/index.php/Index/index
INFO: [ route_check ] --START--
INFO: Run CheckRoute Behavior [ RunTime:0.000753s ]
INFO: [ route_check ] --END-- [ RunTime:0.000836s ]
INFO: [ app_begin ] --START--
INFO: Run ReadHtmlCache Behavior [ RunTime:0.000514s ]
INFO: [ app_begin ] --END-- [ RunTime:0.000578s ]
NOTIC: [2048] Declaration of IndexAction::error() should be compatible with that of Action::error() D:\phpStudy\WWW\aqzsjs\Home\Lib\Action\IndexAction.class.php 第 3 行.
INFO: [ view_template ] --START--
INFO: Run LocationTemplate Behavior [ RunTime:0.000867s ]
INFO: [ view_template ] --END-- [ RunTime:0.000969s ]
INFO: [ view_parse ] --START--
NOTIC: [8] Undefined variable: error D:\phpStudy\WWW\aqzsjs\Cache\Runtime\Home\Cache\7e4848229090366086cc7eeb3bfc0798.php 第 97 行.
INFO: Run ParseTemplate Behavior [ RunTime:0.007440s ]
INFO: [ view_parse ] --END-- [ RunTime:0.007512s ]
INFO: [ view_filter ] --START--
INFO: Run ContentReplace Behavior [ RunTime:0.000456s ]
INFO: Run TokenBuild Behavior [ RunTime:0.000440s ]
INFO: Run WriteHtmlCache Behavior [ RunTime:0.000271s ]
INFO: Run ShowRuntime Behavior [ RunTime:0.000603s ]
INFO: [ view_filter ] --END-- [ RunTime:0.001943s ]
INFO: [ view_end ] --START--
INFO: Run ShowPageTrace Behavior [ RunTime:0.000778s ]
INFO: [ view_end ] --END-- [ RunTime:0.000839s ]

[ 2013-11-04T09:38:45+08:00 ] 0.0.0.0 /aqzsjs/index.php/Index/index
INFO: [ route_check ] --START--
INFO: Run CheckRoute Behavior [ RunTime:0.001262s ]
INFO: [ route_check ] --END-- [ RunTime:0.001378s ]
INFO: [ app_begin ] --START--
INFO: Run ReadHtmlCache Behavior [ RunTime:0.000770s ]
INFO: [ app_begin ] --END-- [ RunTime:0.000872s ]
NOTIC: [2048] Declaration of IndexAction::error() should be compatible with that of Action::error() D:\phpStudy\WWW\aqzsjs\Home\Lib\Action\IndexAction.class.php 第 3 行.
SQL: SHOW COLUMNS FROM `aq_member` [ RunTime:0.003011s ]
SQL: SELECT * FROM `aq_member` WHERE ( school_ID=12101020306 ) LIMIT 1   [ RunTime:0.007845s ]

[ 2013-11-04T09:38:45+08:00 ] 0.0.0.0 /aqzsjs/index.php/Index/info
INFO: [ route_check ] --START--
INFO: Run CheckRoute Behavior [ RunTime:0.000689s ]
INFO: [ route_check ] --END-- [ RunTime:0.000776s ]
INFO: [ app_begin ] --START--
INFO: Run ReadHtmlCache Behavior [ RunTime:0.000485s ]
INFO: [ app_begin ] --END-- [ RunTime:0.000551s ]
NOTIC: [2048] Declaration of IndexAction::error() should be compatible with that of Action::error() D:\phpStudy\WWW\aqzsjs\Home\Lib\Action\IndexAction.class.php 第 3 行.
INFO: [ view_template ] --START--
INFO: Run LocationTemplate Behavior [ RunTime:0.000786s ]
INFO: [ view_template ] --END-- [ RunTime:0.000870s ]
INFO: [ view_parse ] --START--
INFO: Run ParseTemplate Behavior [ RunTime:0.007349s ]
INFO: [ view_parse ] --END-- [ RunTime:0.007432s ]
INFO: [ view_filter ] --START--
INFO: Run ContentReplace Behavior [ RunTime:0.000399s ]
INFO: Run TokenBuild Behavior [ RunTime:0.000376s ]
INFO: Run WriteHtmlCache Behavior [ RunTime:0.000275s ]
INFO: Run ShowRuntime Behavior [ RunTime:0.000577s ]
INFO: [ view_filter ] --END-- [ RunTime:0.001806s ]
INFO: [ view_end ] --START--
INFO: Run ShowPageTrace Behavior [ RunTime:0.000717s ]
INFO: [ view_end ] --END-- [ RunTime:0.000777s ]

[ 2013-11-04T09:38:47+08:00 ] 0.0.0.0 /aqzsjs/index.php/Index/out
INFO: [ route_check ] --START--
INFO: Run CheckRoute Behavior [ RunTime:0.000714s ]
INFO: [ route_check ] --END-- [ RunTime:0.000806s ]
INFO: [ app_begin ] --START--
INFO: Run ReadHtmlCache Behavior [ RunTime:0.000498s ]
INFO: [ app_begin ] --END-- [ RunTime:0.000565s ]
NOTIC: [2048] Declaration of IndexAction::error() should be compatible with that of Action::error() D:\phpStudy\WWW\aqzsjs\Home\Lib\Action\IndexAction.class.php 第 3 行.

[ 2013-11-04T09:38:48+08:00 ] 0.0.0.0 /aqzsjs/index.php/Index/index
INFO: [ route_check ] --START--
INFO: Run CheckRoute Behavior [ RunTime:0.000700s ]
INFO: [ route_check ] --END-- [ RunTime:0.000783s ]
INFO: [ app_begin ] --START--
INFO: Run ReadHtmlCache Behavior [ RunTime:0.000498s ]
INFO: [ app_begin ] --END-- [ RunTime:0.000564s ]
NOTIC: [2048] Declaration of IndexAction::error() should be compatible with that of Action::error() D:\phpStudy\WWW\aqzsjs\Home\Lib\Action\IndexAction.class.php 第 3 行.
INFO: [ view_template ] --START--
INFO: Run LocationTemplate Behavior [ RunTime:0.000927s ]
INFO: [ view_template ] --END-- [ RunTime:0.000999s ]
INFO: [ view_parse ] --START--
NOTIC: [8] Undefined variable: error D:\phpStudy\WWW\aqzsjs\Cache\Runtime\Home\Cache\7e4848229090366086cc7eeb3bfc0798.php 第 97 行.
INFO: Run ParseTemplate Behavior [ RunTime:0.007438s ]
INFO: [ view_parse ] --END-- [ RunTime:0.007507s ]
INFO: [ view_filter ] --START--
INFO: Run ContentReplace Behavior [ RunTime:0.000509s ]
INFO: Run TokenBuild Behavior [ RunTime:0.000514s ]
INFO: Run WriteHtmlCache Behavior [ RunTime:0.000395s ]
INFO: Run ShowRuntime Behavior [ RunTime:0.000620s ]
INFO: [ view_filter ] --END-- [ RunTime:0.002212s ]
INFO: [ view_end ] --START--
INFO: Run ShowPageTrace Behavior [ RunTime:0.000728s ]
INFO: [ view_end ] --END-- [ RunTime:0.000788s ]

[ 2013-11-04T09:38:57+08:00 ] 0.0.0.0 /aqzsjs/index.php/Index/index
INFO: [ route_check ] --START--
INFO: Run CheckRoute Behavior [ RunTime:0.000888s ]
INFO: [ route_check ] --END-- [ RunTime:0.001000s ]
INFO: [ app_begin ] --START--
INFO: Run ReadHtmlCache Behavior [ RunTime:0.000607s ]
INFO: [ app_begin ] --END-- [ RunTime:0.000676s ]
NOTIC: [2048] Declaration of IndexAction::error() should be compatible with that of Action::error() D:\phpStudy\WWW\aqzsjs\Home\Lib\Action\IndexAction.class.php 第 3 行.
SQL: SHOW COLUMNS FROM `aq_member` [ RunTime:0.003081s ]
SQL: SELECT * FROM `aq_member` WHERE ( school_ID=10101010101 ) LIMIT 1   [ RunTime:0.007150s ]
INFO: [ view_template ] --START--
INFO: Run LocationTemplate Behavior [ RunTime:0.001053s ]
INFO: [ view_template ] --END-- [ RunTime:0.001122s ]
INFO: [ view_parse ] --START--
INFO: Run ParseTemplate Behavior [ RunTime:0.007129s ]
INFO: [ view_parse ] --END-- [ RunTime:0.007222s ]
INFO: [ view_filter ] --START--
INFO: Run ContentReplace Behavior [ RunTime:0.000429s ]
INFO: Run TokenBuild Behavior [ RunTime:0.000482s ]
INFO: Run WriteHtmlCache Behavior [ RunTime:0.000608s ]
INFO: Run ShowRuntime Behavior [ RunTime:0.000976s ]
INFO: [ view_filter ] --END-- [ RunTime:0.002766s ]
INFO: [ view_end ] --START--
INFO: Run ShowPageTrace Behavior [ RunTime:0.000958s ]
INFO: [ view_end ] --END-- [ RunTime:0.001034s ]

[ 2013-11-04T09:39:13+08:00 ] 0.0.0.0 /aqzsjs/index.php/Index/index
INFO: [ route_check ] --START--
INFO: Run CheckRoute Behavior [ RunTime:0.000800s ]
INFO: [ route_check ] --END-- [ RunTime:0.000906s ]
INFO: [ app_begin ] --START--
INFO: Run ReadHtmlCache Behavior [ RunTime:0.000637s ]
INFO: [ app_begin ] --END-- [ RunTime:0.000714s ]
NOTIC: [2048] Declaration of IndexAction::error() should be compatible with that of Action::error() D:\phpStudy\WWW\aqzsjs\Home\Lib\Action\IndexAction.class.php 第 3 行.
SQL: SHOW COLUMNS FROM `aq_member` [ RunTime:0.003173s ]
SQL: SELECT * FROM `aq_member` WHERE ( school_ID=10101010101 ) LIMIT 1   [ RunTime:0.007417s ]
INFO: [ view_template ] --START--
INFO: Run LocationTemplate Behavior [ RunTime:0.001039s ]
INFO: [ view_template ] --END-- [ RunTime:0.001108s ]
INFO: [ view_parse ] --START--
INFO: Run ParseTemplate Behavior [ RunTime:0.006612s ]
INFO: [ view_parse ] --END-- [ RunTime:0.006693s ]
INFO: [ view_filter ] --START--
INFO: Run ContentReplace Behavior [ RunTime:0.000394s ]
INFO: Run TokenBuild Behavior [ RunTime:0.000413s ]
INFO: Run WriteHtmlCache Behavior [ RunTime:0.000270s ]
INFO: Run ShowRuntime Behavior [ RunTime:0.000584s ]
INFO: [ view_filter ] --END-- [ RunTime:0.001828s ]
INFO: [ view_end ] --START--
INFO: Run ShowPageTrace Behavior [ RunTime:0.000711s ]
INFO: [ view_end ] --END-- [ RunTime:0.000769s ]

[ 2013-11-04T09:41:06+08:00 ] 0.0.0.0 /aqzsjs/index.php/Index/index
INFO: [ route_check ] --START--
INFO: Run CheckRoute Behavior [ RunTime:0.001158s ]
INFO: [ route_check ] --END-- [ RunTime:0.001246s ]
INFO: [ app_begin ] --START--
INFO: Run ReadHtmlCache Behavior [ RunTime:0.000671s ]
INFO: [ app_begin ] --END-- [ RunTime:0.000739s ]
NOTIC: [2048] Declaration of IndexAction::error() should be compatible with that of Action::error() D:\phpStudy\WWW\aqzsjs\Home\Lib\Action\IndexAction.class.php 第 3 行.
SQL: SHOW COLUMNS FROM `aq_member` [ RunTime:0.003587s ]
SQL: SELECT * FROM `aq_member` WHERE ( school_ID=10121040108 ) LIMIT 1   [ RunTime:0.000440s ]

[ 2013-11-04T09:41:06+08:00 ] 0.0.0.0 /aqzsjs/index.php/Index/info
INFO: [ route_check ] --START--
INFO: Run CheckRoute Behavior [ RunTime:0.000869s ]
INFO: [ route_check ] --END-- [ RunTime:0.000957s ]
INFO: [ app_begin ] --START--
INFO: Run ReadHtmlCache Behavior [ RunTime:0.000531s ]
INFO: [ app_begin ] --END-- [ RunTime:0.000598s ]
NOTIC: [2048] Declaration of IndexAction::error() should be compatible with that of Action::error() D:\phpStudy\WWW\aqzsjs\Home\Lib\Action\IndexAction.class.php 第 3 行.
INFO: [ view_template ] --START--
INFO: Run LocationTemplate Behavior [ RunTime:0.001000s ]
INFO: [ view_template ] --END-- [ RunTime:0.001069s ]
INFO: [ view_parse ] --START--
INFO: Run ParseTemplate Behavior [ RunTime:0.008001s ]
INFO: [ view_parse ] --END-- [ RunTime:0.008091s ]
INFO: [ view_filter ] --START--
INFO: Run ContentReplace Behavior [ RunTime:0.000531s ]
INFO: Run TokenBuild Behavior [ RunTime:0.000494s ]
INFO: Run WriteHtmlCache Behavior [ RunTime:0.000400s ]
INFO: Run ShowRuntime Behavior [ RunTime:0.000616s ]
INFO: [ view_filter ] --END-- [ RunTime:0.002220s ]
INFO: [ view_end ] --START--
INFO: Run ShowPageTrace Behavior [ RunTime:0.000751s ]
INFO: [ view_end ] --END-- [ RunTime:0.000816s ]

[ 2013-11-04T09:41:09+08:00 ] 0.0.0.0 /aqzsjs/index.php/Index/run.html
INFO: [ route_check ] --START--
INFO: Run CheckRoute Behavior [ RunTime:0.000941s ]
INFO: [ route_check ] --END-- [ RunTime:0.001025s ]
INFO: [ app_begin ] --START--
INFO: Run ReadHtmlCache Behavior [ RunTime:0.000535s ]
INFO: [ app_begin ] --END-- [ RunTime:0.000600s ]
NOTIC: [2048] Declaration of IndexAction::error() should be compatible with that of Action::error() D:\phpStudy\WWW\aqzsjs\Home\Lib\Action\IndexAction.class.php 第 3 行.
INFO: [ view_template ] --START--
INFO: Run LocationTemplate Behavior [ RunTime:0.000977s ]
INFO: [ view_template ] --END-- [ RunTime:0.001050s ]
INFO: [ view_parse ] --START--
INFO: Run ParseTemplate Behavior [ RunTime:0.037718s ]
INFO: [ view_parse ] --END-- [ RunTime:0.037805s ]
INFO: [ view_filter ] --START--
INFO: Run ContentReplace Behavior [ RunTime:0.001516s ]
INFO: Run TokenBuild Behavior [ RunTime:0.001078s ]
INFO: Run WriteHtmlCache Behavior [ RunTime:0.000289s ]
INFO: Run ShowRuntime Behavior [ RunTime:0.000883s ]
INFO: [ view_filter ] --END-- [ RunTime:0.003967s ]
INFO: [ view_end ] --START--
INFO: Run ShowPageTrace Behavior [ RunTime:0.000754s ]
INFO: [ view_end ] --END-- [ RunTime:0.000813s ]

[ 2013-11-04T09:43:56+08:00 ] 0.0.0.0 /aqzsjs/index.php/Index/info
INFO: [ route_check ] --START--
INFO: Run CheckRoute Behavior [ RunTime:0.001147s ]
INFO: [ route_check ] --END-- [ RunTime:0.001232s ]
INFO: [ app_begin ] --START--
INFO: Run ReadHtmlCache Behavior [ RunTime:0.000929s ]
INFO: [ app_begin ] --END-- [ RunTime:0.000998s ]
NOTIC: [2048] Declaration of IndexAction::error() should be compatible with that of Action::error() D:\phpStudy\WWW\aqzsjs\Home\Lib\Action\IndexAction.class.php 第 3 行.
INFO: [ view_template ] --START--
INFO: Run LocationTemplate Behavior [ RunTime:0.001187s ]
INFO: [ view_template ] --END-- [ RunTime:0.001265s ]
INFO: [ view_parse ] --START--
INFO: Run ParseTemplate Behavior [ RunTime:0.009378s ]
INFO: [ view_parse ] --END-- [ RunTime:0.009464s ]
INFO: [ view_filter ] --START--
INFO: Run ContentReplace Behavior [ RunTime:0.000787s ]
INFO: Run TokenBuild Behavior [ RunTime:0.000760s ]
INFO: Run WriteHtmlCache Behavior [ RunTime:0.000657s ]
INFO: Run ShowRuntime Behavior [ RunTime:0.000796s ]
INFO: [ view_filter ] --END-- [ RunTime:0.003182s ]
INFO: [ view_end ] --START--
INFO: Run ShowPageTrace Behavior [ RunTime:0.000914s ]
INFO: [ view_end ] --END-- [ RunTime:0.000977s ]

[ 2013-11-04T09:43:57+08:00 ] 0.0.0.0 /aqzsjs/index.php/Index/info
INFO: [ route_check ] --START--
INFO: Run CheckRoute Behavior [ RunTime:0.000998s ]
INFO: [ route_check ] --END-- [ RunTime:0.001080s ]
INFO: [ app_begin ] --START--
INFO: Run ReadHtmlCache Behavior [ RunTime:0.000599s ]
INFO: [ app_begin ] --END-- [ RunTime:0.000666s ]
NOTIC: [2048] Declaration of IndexAction::error() should be compatible with that of Action::error() D:\phpStudy\WWW\aqzsjs\Home\Lib\Action\IndexAction.class.php 第 3 行.
INFO: [ view_template ] --START--
INFO: Run LocationTemplate Behavior [ RunTime:0.000920s ]
INFO: [ view_template ] --END-- [ RunTime:0.000994s ]
INFO: [ view_parse ] --START--
INFO: Run ParseTemplate Behavior [ RunTime:0.008008s ]
INFO: [ view_parse ] --END-- [ RunTime:0.008103s ]
INFO: [ view_filter ] --START--
INFO: Run ContentReplace Behavior [ RunTime:0.000526s ]
INFO: Run TokenBuild Behavior [ RunTime:0.000502s ]
INFO: Run WriteHtmlCache Behavior [ RunTime:0.000378s ]
INFO: Run ShowRuntime Behavior [ RunTime:0.000616s ]
INFO: [ view_filter ] --END-- [ RunTime:0.002192s ]
INFO: [ view_end ] --START--
INFO: Run ShowPageTrace Behavior [ RunTime:0.000772s ]
INFO: [ view_end ] --END-- [ RunTime:0.000836s ]

[ 2013-11-04T09:44:14+08:00 ] 0.0.0.0 /aqzsjs/index.php/Index/info
INFO: [ route_check ] --START--
INFO: Run CheckRoute Behavior [ RunTime:0.001011s ]
INFO: [ route_check ] --END-- [ RunTime:0.001099s ]
INFO: [ app_begin ] --START--
INFO: Run ReadHtmlCache Behavior [ RunTime:0.000618s ]
INFO: [ app_begin ] --END-- [ RunTime:0.000686s ]
NOTIC: [2048] Declaration of IndexAction::error() should be compatible with that of Action::error() D:\phpStudy\WWW\aqzsjs\Home\Lib\Action\IndexAction.class.php 第 3 行.
INFO: [ view_template ] --START--
INFO: Run LocationTemplate Behavior [ RunTime:0.000893s ]
INFO: [ view_template ] --END-- [ RunTime:0.000963s ]
INFO: [ view_parse ] --START--
INFO: Run ParseTemplate Behavior [ RunTime:0.008084s ]
INFO: [ view_parse ] --END-- [ RunTime:0.008169s ]
INFO: [ view_filter ] --START--
INFO: Run ContentReplace Behavior [ RunTime:0.000544s ]
INFO: Run TokenBuild Behavior [ RunTime:0.000494s ]
INFO: Run WriteHtmlCache Behavior [ RunTime:0.000414s ]
INFO: Run ShowRuntime Behavior [ RunTime:0.000612s ]
INFO: [ view_filter ] --END-- [ RunTime:0.002235s ]
INFO: [ view_end ] --START--
INFO: Run ShowPageTrace Behavior [ RunTime:0.000729s ]
INFO: [ view_end ] --END-- [ RunTime:0.000788s ]

[ 2013-11-04T09:44:15+08:00 ] 0.0.0.0 /aqzsjs/index.php/Index/info
INFO: [ route_check ] --START--
INFO: Run CheckRoute Behavior [ RunTime:0.000738s ]
INFO: [ route_check ] --END-- [ RunTime:0.000821s ]
INFO: [ app_begin ] --START--
INFO: Run ReadHtmlCache Behavior [ RunTime:0.000512s ]
INFO: [ app_begin ] --END-- [ RunTime:0.000575s ]
NOTIC: [2048] Declaration of IndexAction::error() should be compatible with that of Action::error() D:\phpStudy\WWW\aqzsjs\Home\Lib\Action\IndexAction.class.php 第 3 行.
INFO: [ view_template ] --START--
INFO: Run LocationTemplate Behavior [ RunTime:0.000698s ]
INFO: [ view_template ] --END-- [ RunTime:0.000767s ]
INFO: [ view_parse ] --START--
INFO: Run ParseTemplate Behavior [ RunTime:0.007628s ]
INFO: [ view_parse ] --END-- [ RunTime:0.007711s ]
INFO: [ view_filter ] --START--
INFO: Run ContentReplace Behavior [ RunTime:0.000395s ]
INFO: Run TokenBuild Behavior [ RunTime:0.000458s ]
INFO: Run WriteHtmlCache Behavior [ RunTime:0.000269s ]
INFO: Run ShowRuntime Behavior [ RunTime:0.000589s ]
INFO: [ view_filter ] --END-- [ RunTime:0.001881s ]
INFO: [ view_end ] --START--
INFO: Run ShowPageTrace Behavior [ RunTime:0.000768s ]
INFO: [ view_end ] --END-- [ RunTime:0.000844s ]

[ 2013-11-04T09:44:15+08:00 ] 0.0.0.0 /aqzsjs/index.php/Index/info
INFO: [ route_check ] --START--
INFO: Run CheckRoute Behavior [ RunTime:0.000694s ]
INFO: [ route_check ] --END-- [ RunTime:0.000778s ]
INFO: [ app_begin ] --START--
INFO: Run ReadHtmlCache Behavior [ RunTime:0.000487s ]
INFO: [ app_begin ] --END-- [ RunTime:0.000551s ]
NOTIC: [2048] Declaration of IndexAction::error() should be compatible with that of Action::error() D:\phpStudy\WWW\aqzsjs\Home\Lib\Action\IndexAction.class.php 第 3 行.
INFO: [ view_template ] --START--
INFO: Run LocationTemplate Behavior [ RunTime:0.000731s ]
INFO: [ view_template ] --END-- [ RunTime:0.000798s ]
INFO: [ view_parse ] --START--
INFO: Run ParseTemplate Behavior [ RunTime:0.007319s ]
INFO: [ view_parse ] --END-- [ RunTime:0.007408s ]
INFO: [ view_filter ] --START--
INFO: Run ContentReplace Behavior [ RunTime:0.000424s ]
INFO: Run TokenBuild Behavior [ RunTime:0.000441s ]
INFO: Run WriteHtmlCache Behavior [ RunTime:0.000277s ]
INFO: Run ShowRuntime Behavior [ RunTime:0.000578s ]
INFO: [ view_filter ] --END-- [ RunTime:0.001887s ]
INFO: [ view_end ] --START--
INFO: Run ShowPageTrace Behavior [ RunTime:0.000751s ]
INFO: [ view_end ] --END-- [ RunTime:0.000814s ]

[ 2013-11-04T09:44:15+08:00 ] 0.0.0.0 /aqzsjs/index.php/Index/info
INFO: [ route_check ] --START--
INFO: Run CheckRoute Behavior [ RunTime:0.001085s ]
INFO: [ route_check ] --END-- [ RunTime:0.001170s ]
INFO: [ app_begin ] --START--
INFO: Run ReadHtmlCache Behavior [ RunTime:0.000967s ]
INFO: [ app_begin ] --END-- [ RunTime:0.001043s ]
NOTIC: [2048] Declaration of IndexAction::error() should be compatible with that of Action::error() D:\phpStudy\WWW\aqzsjs\Home\Lib\Action\IndexAction.class.php 第 3 行.
INFO: [ view_template ] --START--
INFO: Run LocationTemplate Behavior [ RunTime:0.001089s ]
INFO: [ view_template ] --END-- [ RunTime:0.001164s ]
INFO: [ view_parse ] --START--
INFO: Run ParseTemplate Behavior [ RunTime:0.009601s ]
INFO: [ view_parse ] --END-- [ RunTime:0.009695s ]
INFO: [ view_filter ] --START--
INFO: Run ContentReplace Behavior [ RunTime:0.000927s ]
INFO: Run TokenBuild Behavior [ RunTime:0.000821s ]
INFO: Run WriteHtmlCache Behavior [ RunTime:0.000655s ]
INFO: Run ShowRuntime Behavior [ RunTime:0.001038s ]
INFO: [ view_filter ] --END-- [ RunTime:0.003641s ]
INFO: [ view_end ] --START--
INFO: Run ShowPageTrace Behavior [ RunTime:0.000960s ]
INFO: [ view_end ] --END-- [ RunTime:0.001022s ]

[ 2013-11-04T10:05:23+08:00 ] 0.0.0.0 /aqzsjs/index.php/Index/index
INFO: [ route_check ] --START--
INFO: Run CheckRoute Behavior [ RunTime:0.001593s ]
INFO: [ route_check ] --END-- [ RunTime:0.001711s ]
INFO: [ app_begin ] --START--
INFO: Run ReadHtmlCache Behavior [ RunTime:0.000937s ]
INFO: [ app_begin ] --END-- [ RunTime:0.001010s ]
NOTIC: [2048] Declaration of IndexAction::error() should be compatible with that of Action::error() D:\phpStudy\WWW\aqzsjs\Home\Lib\Action\IndexAction.class.php 第 3 行.
INFO: [ view_template ] --START--
INFO: Run LocationTemplate Behavior [ RunTime:0.001613s ]
INFO: [ view_template ] --END-- [ RunTime:0.001719s ]
INFO: [ view_parse ] --START--
NOTIC: [8] Undefined variable: error D:\phpStudy\WWW\aqzsjs\Cache\Runtime\Home\Cache\7e4848229090366086cc7eeb3bfc0798.php 第 97 行.
INFO: Run ParseTemplate Behavior [ RunTime:0.009943s ]
INFO: [ view_parse ] --END-- [ RunTime:0.010012s ]
INFO: [ view_filter ] --START--
INFO: Run ContentReplace Behavior [ RunTime:0.000673s ]
INFO: Run TokenBuild Behavior [ RunTime:0.000695s ]
INFO: Run WriteHtmlCache Behavior [ RunTime:0.000552s ]
INFO: Run ShowRuntime Behavior [ RunTime:0.000679s ]
INFO: [ view_filter ] --END-- [ RunTime:0.002747s ]
INFO: [ view_end ] --START--
INFO: Run ShowPageTrace Behavior [ RunTime:0.000708s ]
INFO: [ view_end ] --END-- [ RunTime:0.000762s ]

[ 2013-11-04T10:05:38+08:00 ] 0.0.0.0 /aqzsjs/index.php/Index/index
INFO: [ route_check ] --START--
INFO: Run CheckRoute Behavior [ RunTime:0.001506s ]
INFO: [ route_check ] --END-- [ RunTime:0.001627s ]
INFO: [ app_begin ] --START--
INFO: Run ReadHtmlCache Behavior [ RunTime:0.001148s ]
INFO: [ app_begin ] --END-- [ RunTime:0.001248s ]
NOTIC: [2048] Declaration of IndexAction::error() should be compatible with that of Action::error() D:\phpStudy\WWW\aqzsjs\Home\Lib\Action\IndexAction.class.php 第 3 行.
INFO: [ view_template ] --START--
INFO: Run LocationTemplate Behavior [ RunTime:0.001584s ]
INFO: [ view_template ] --END-- [ RunTime:0.001695s ]
INFO: [ view_parse ] --START--
NOTIC: [8] Undefined variable: error D:\phpStudy\WWW\aqzsjs\Cache\Runtime\Home\Cache\7e4848229090366086cc7eeb3bfc0798.php 第 97 行.
INFO: Run ParseTemplate Behavior [ RunTime:0.012036s ]
INFO: [ view_parse ] --END-- [ RunTime:0.012114s ]
INFO: [ view_filter ] --START--
INFO: Run ContentReplace Behavior [ RunTime:0.000552s ]
INFO: Run TokenBuild Behavior [ RunTime:0.000538s ]
INFO: Run WriteHtmlCache Behavior [ RunTime:0.000461s ]
INFO: Run ShowRuntime Behavior [ RunTime:0.000551s ]
INFO: [ view_filter ] --END-- [ RunTime:0.002241s ]
INFO: [ view_end ] --START--
INFO: Run ShowPageTrace Behavior [ RunTime:0.000659s ]
INFO: [ view_end ] --END-- [ RunTime:0.000708s ]

[ 2013-11-04T10:05:59+08:00 ] 0.0.0.0 /aqzsjs/index.php/Index/index
INFO: [ route_check ] --START--
INFO: Run CheckRoute Behavior [ RunTime:0.001449s ]
INFO: [ route_check ] --END-- [ RunTime:0.001564s ]
INFO: [ app_begin ] --START--
INFO: Run ReadHtmlCache Behavior [ RunTime:0.001026s ]
INFO: [ app_begin ] --END-- [ RunTime:0.001117s ]
NOTIC: [2048] Declaration of IndexAction::error() should be compatible with that of Action::error() D:\phpStudy\WWW\aqzsjs\Home\Lib\Action\IndexAction.class.php 第 3 行.
INFO: [ view_template ] --START--
INFO: Run LocationTemplate Behavior [ RunTime:0.001239s ]
INFO: [ view_template ] --END-- [ RunTime:0.001330s ]
INFO: [ view_parse ] --START--
NOTIC: [8] Undefined variable: error D:\phpStudy\WWW\aqzsjs\Cache\Runtime\Home\Cache\7e4848229090366086cc7eeb3bfc0798.php 第 97 行.
INFO: Run ParseTemplate Behavior [ RunTime:0.011681s ]
INFO: [ view_parse ] --END-- [ RunTime:0.011787s ]
INFO: [ view_filter ] --START--
INFO: Run ContentReplace Behavior [ RunTime:0.000911s ]
INFO: Run TokenBuild Behavior [ RunTime:0.000889s ]
INFO: Run WriteHtmlCache Behavior [ RunTime:0.000611s ]
INFO: Run ShowRuntime Behavior [ RunTime:0.000585s ]
INFO: [ view_filter ] --END-- [ RunTime:0.003204s ]
INFO: [ view_end ] --START--
INFO: Run ShowPageTrace Behavior [ RunTime:0.000626s ]
INFO: [ view_end ] --END-- [ RunTime:0.000675s ]

[ 2013-11-04T10:06:08+08:00 ] 0.0.0.0 /aqzsjs/index.php/Index/index
INFO: [ route_check ] --START--
INFO: Run CheckRoute Behavior [ RunTime:0.001452s ]
INFO: [ route_check ] --END-- [ RunTime:0.001567s ]
INFO: [ app_begin ] --START--
INFO: Run ReadHtmlCache Behavior [ RunTime:0.001064s ]
INFO: [ app_begin ] --END-- [ RunTime:0.001149s ]
NOTIC: [2048] Declaration of IndexAction::error() should be compatible with that of Action::error() D:\phpStudy\WWW\aqzsjs\Home\Lib\Action\IndexAction.class.php 第 3 行.
INFO: [ view_template ] --START--
INFO: Run LocationTemplate Behavior [ RunTime:0.002429s ]
INFO: [ view_template ] --END-- [ RunTime:0.002612s ]
INFO: [ view_parse ] --START--
NOTIC: [8] Undefined variable: error D:\phpStudy\WWW\aqzsjs\Cache\Runtime\Home\Cache\7e4848229090366086cc7eeb3bfc0798.php 第 97 行.
INFO: Run ParseTemplate Behavior [ RunTime:0.013510s ]
INFO: [ view_parse ] --END-- [ RunTime:0.013624s ]
INFO: [ view_filter ] --START--
INFO: Run ContentReplace Behavior [ RunTime:0.001022s ]
INFO: Run TokenBuild Behavior [ RunTime:0.000721s ]
INFO: Run WriteHtmlCache Behavior [ RunTime:0.000562s ]
INFO: Run ShowRuntime Behavior [ RunTime:0.000735s ]
INFO: [ view_filter ] --END-- [ RunTime:0.003220s ]
INFO: [ view_end ] --START--
INFO: Run ShowPageTrace Behavior [ RunTime:0.001084s ]
INFO: [ view_end ] --END-- [ RunTime:0.001173s ]

[ 2013-11-04T10:06:19+08:00 ] 0.0.0.0 /aqzsjs/index.php/Index/index
INFO: [ route_check ] --START--
INFO: Run CheckRoute Behavior [ RunTime:0.001291s ]
INFO: [ route_check ] --END-- [ RunTime:0.001398s ]
INFO: [ app_begin ] --START--
INFO: Run ReadHtmlCache Behavior [ RunTime:0.001065s ]
INFO: [ app_begin ] --END-- [ RunTime:0.001149s ]
NOTIC: [2048] Declaration of IndexAction::error() should be compatible with that of Action::error() D:\phpStudy\WWW\aqzsjs\Home\Lib\Action\IndexAction.class.php 第 3 行.
INFO: [ view_template ] --START--
INFO: Run LocationTemplate Behavior [ RunTime:0.001123s ]
INFO: [ view_template ] --END-- [ RunTime:0.001230s ]
INFO: [ view_parse ] --START--
NOTIC: [8] Undefined variable: error D:\phpStudy\WWW\aqzsjs\Cache\Runtime\Home\Cache\7e4848229090366086cc7eeb3bfc0798.php 第 97 行.
INFO: Run ParseTemplate Behavior [ RunTime:0.010138s ]
INFO: [ view_parse ] --END-- [ RunTime:0.010210s ]
INFO: [ view_filter ] --START--
INFO: Run ContentReplace Behavior [ RunTime:0.000707s ]
INFO: Run TokenBuild Behavior [ RunTime:0.000674s ]
INFO: Run WriteHtmlCache Behavior [ RunTime:0.000570s ]
INFO: Run ShowRuntime Behavior [ RunTime:0.001072s ]
INFO: [ view_filter ] --END-- [ RunTime:0.003204s ]
INFO: [ view_end ] --START--
INFO: Run ShowPageTrace Behavior [ RunTime:0.000869s ]
INFO: [ view_end ] --END-- [ RunTime:0.000925s ]

[ 2013-11-04T10:06:21+08:00 ] 0.0.0.0 /aqzsjs/index.php/Index/index
INFO: [ route_check ] --START--
INFO: Run CheckRoute Behavior [ RunTime:0.001724s ]
INFO: [ route_check ] --END-- [ RunTime:0.001872s ]
INFO: [ app_begin ] --START--
INFO: Run ReadHtmlCache Behavior [ RunTime:0.001312s ]
INFO: [ app_begin ] --END-- [ RunTime:0.001427s ]
NOTIC: [2048] Declaration of IndexAction::error() should be compatible with that of Action::error() D:\phpStudy\WWW\aqzsjs\Home\Lib\Action\IndexAction.class.php 第 3 行.
INFO: [ view_template ] --START--
INFO: Run LocationTemplate Behavior [ RunTime:0.001605s ]
INFO: [ view_template ] --END-- [ RunTime:0.001720s ]
INFO: [ view_parse ] --START--
NOTIC: [8] Undefined variable: error D:\phpStudy\WWW\aqzsjs\Cache\Runtime\Home\Cache\7e4848229090366086cc7eeb3bfc0798.php 第 97 行.
INFO: Run ParseTemplate Behavior [ RunTime:0.011143s ]
INFO: [ view_parse ] --END-- [ RunTime:0.011231s ]
INFO: [ view_filter ] --START--
INFO: Run ContentReplace Behavior [ RunTime:0.000597s ]
INFO: Run TokenBuild Behavior [ RunTime:0.000566s ]
INFO: Run WriteHtmlCache Behavior [ RunTime:0.000424s ]
INFO: Run ShowRuntime Behavior [ RunTime:0.000630s ]
INFO: [ view_filter ] --END-- [ RunTime:0.002358s ]
INFO: [ view_end ] --START--
INFO: Run ShowPageTrace Behavior [ RunTime:0.000665s ]
INFO: [ view_end ] --END-- [ RunTime:0.000715s ]

[ 2013-11-04T10:06:35+08:00 ] 0.0.0.0 /aqzsjs/index.php/Index/index
INFO: [ route_check ] --START--
INFO: Run CheckRoute Behavior [ RunTime:0.001878s ]
INFO: [ route_check ] --END-- [ RunTime:0.002004s ]
INFO: [ app_begin ] --START--
INFO: Run ReadHtmlCache Behavior [ RunTime:0.001535s ]
INFO: [ app_begin ] --END-- [ RunTime:0.001649s ]
NOTIC: [2048] Declaration of IndexAction::error() should be compatible with that of Action::error() D:\phpStudy\WWW\aqzsjs\Home\Lib\Action\IndexAction.class.php 第 3 行.
INFO: [ view_template ] --START--
INFO: Run LocationTemplate Behavior [ RunTime:0.002078s ]
INFO: [ view_template ] --END-- [ RunTime:0.002188s ]
INFO: [ view_parse ] --START--
NOTIC: [8] Undefined variable: error D:\phpStudy\WWW\aqzsjs\Cache\Runtime\Home\Cache\7e4848229090366086cc7eeb3bfc0798.php 第 97 行.
INFO: Run ParseTemplate Behavior [ RunTime:0.009716s ]
INFO: [ view_parse ] --END-- [ RunTime:0.009792s ]
INFO: [ view_filter ] --START--
INFO: Run ContentReplace Behavior [ RunTime:0.000804s ]
INFO: Run TokenBuild Behavior [ RunTime:0.000799s ]
INFO: Run WriteHtmlCache Behavior [ RunTime:0.000666s ]
INFO: Run ShowRuntime Behavior [ RunTime:0.000832s ]
INFO: [ view_filter ] --END-- [ RunTime:0.003263s ]
INFO: [ view_end ] --START--
INFO: Run ShowPageTrace Behavior [ RunTime:0.000905s ]
INFO: [ view_end ] --END-- [ RunTime:0.000957s ]

[ 2013-11-04T10:09:09+08:00 ] 0.0.0.0 /aqzsjs/index.php/Index/index
INFO: [ route_check ] --START--
INFO: Run CheckRoute Behavior [ RunTime:0.001475s ]
INFO: [ route_check ] --END-- [ RunTime:0.001586s ]
INFO: [ app_begin ] --START--
INFO: Run ReadHtmlCache Behavior [ RunTime:0.001145s ]
INFO: [ app_begin ] --END-- [ RunTime:0.001234s ]
NOTIC: [2048] Declaration of IndexAction::error() should be compatible with that of Action::error() D:\phpStudy\WWW\aqzsjs\Home\Lib\Action\IndexAction.class.php 第 3 行.
INFO: [ view_template ] --START--
INFO: Run LocationTemplate Behavior [ RunTime:0.000965s ]
INFO: [ view_template ] --END-- [ RunTime:0.001032s ]
INFO: [ view_parse ] --START--
NOTIC: [8] Undefined variable: error D:\phpStudy\WWW\aqzsjs\Cache\Runtime\Home\Cache\7e4848229090366086cc7eeb3bfc0798.php 第 97 行.
INFO: Run ParseTemplate Behavior [ RunTime:0.007469s ]
INFO: [ view_parse ] --END-- [ RunTime:0.007533s ]
INFO: [ view_filter ] --START--
INFO: Run ContentReplace Behavior [ RunTime:0.000706s ]
INFO: Run TokenBuild Behavior [ RunTime:0.000674s ]
INFO: Run WriteHtmlCache Behavior [ RunTime:0.000565s ]
INFO: Run ShowRuntime Behavior [ RunTime:0.000691s ]
INFO: [ view_filter ] --END-- [ RunTime:0.002787s ]
INFO: [ view_end ] --START--
INFO: Run ShowPageTrace Behavior [ RunTime:0.000884s ]
INFO: [ view_end ] --END-- [ RunTime:0.000955s ]

[ 2013-11-04T10:09:17+08:00 ] 0.0.0.0 /aqzsjs/index.php/Index/index
INFO: [ route_check ] --START--
INFO: Run CheckRoute Behavior [ RunTime:0.001039s ]
INFO: [ route_check ] --END-- [ RunTime:0.001139s ]
INFO: [ app_begin ] --START--
INFO: Run ReadHtmlCache Behavior [ RunTime:0.001286s ]
INFO: [ app_begin ] --END-- [ RunTime:0.001415s ]
NOTIC: [2048] Declaration of IndexAction::error() should be compatible with that of Action::error() D:\phpStudy\WWW\aqzsjs\Home\Lib\Action\IndexAction.class.php 第 3 行.
INFO: [ view_template ] --START--
INFO: Run LocationTemplate Behavior [ RunTime:0.001749s ]
INFO: [ view_template ] --END-- [ RunTime:0.001899s ]
INFO: [ view_parse ] --START--
NOTIC: [8] Undefined variable: error D:\phpStudy\WWW\aqzsjs\Cache\Runtime\Home\Cache\7e4848229090366086cc7eeb3bfc0798.php 第 97 行.
INFO: Run ParseTemplate Behavior [ RunTime:0.008777s ]
INFO: [ view_parse ] --END-- [ RunTime:0.008876s ]
INFO: [ view_filter ] --START--
INFO: Run ContentReplace Behavior [ RunTime:0.000958s ]
INFO: Run TokenBuild Behavior [ RunTime:0.000700s ]
INFO: Run WriteHtmlCache Behavior [ RunTime:0.000557s ]
INFO: Run ShowRuntime Behavior [ RunTime:0.000704s ]
INFO: [ view_filter ] --END-- [ RunTime:0.003089s ]
INFO: [ view_end ] --START--
INFO: Run ShowPageTrace Behavior [ RunTime:0.000789s ]
INFO: [ view_end ] --END-- [ RunTime:0.000842s ]

[ 2013-11-04T10:11:10+08:00 ] 0.0.0.0 /aqzsjs/index.php/Index/index
INFO: [ route_check ] --START--
INFO: Run CheckRoute Behavior [ RunTime:0.001128s ]
INFO: [ route_check ] --END-- [ RunTime:0.001213s ]
INFO: [ app_begin ] --START--
INFO: Run ReadHtmlCache Behavior [ RunTime:0.000725s ]
INFO: [ app_begin ] --END-- [ RunTime:0.000781s ]
NOTIC: [2048] Declaration of IndexAction::error() should be compatible with that of Action::error() D:\phpStudy\WWW\aqzsjs\Home\Lib\Action\IndexAction.class.php 第 3 行.
SQL: SHOW COLUMNS FROM `aq_member` [ RunTime:0.002937s ]
SQL: SELECT * FROM `aq_member` WHERE ( school_ID=10121040108 ) LIMIT 1   [ RunTime:0.000363s ]

[ 2013-11-04T10:11:10+08:00 ] 0.0.0.0 /aqzsjs/index.php/Index/info
INFO: [ route_check ] --START--
INFO: Run CheckRoute Behavior [ RunTime:0.000856s ]
INFO: [ route_check ] --END-- [ RunTime:0.000932s ]
INFO: [ app_begin ] --START--
INFO: Run ReadHtmlCache Behavior [ RunTime:0.000700s ]
INFO: [ app_begin ] --END-- [ RunTime:0.000763s ]
NOTIC: [2048] Declaration of IndexAction::error() should be compatible with that of Action::error() D:\phpStudy\WWW\aqzsjs\Home\Lib\Action\IndexAction.class.php 第 3 行.
INFO: [ view_template ] --START--
INFO: Run LocationTemplate Behavior [ RunTime:0.000964s ]
INFO: [ view_template ] --END-- [ RunTime:0.001028s ]
INFO: [ view_parse ] --START--
INFO: Run ParseTemplate Behavior [ RunTime:0.007285s ]
INFO: [ view_parse ] --END-- [ RunTime:0.007362s ]
INFO: [ view_filter ] --START--
INFO: Run ContentReplace Behavior [ RunTime:0.000682s ]
INFO: Run TokenBuild Behavior [ RunTime:0.000617s ]
INFO: Run WriteHtmlCache Behavior [ RunTime:0.000519s ]
INFO: Run ShowRuntime Behavior [ RunTime:0.000668s ]
INFO: [ view_filter ] --END-- [ RunTime:0.002639s ]
INFO: [ view_end ] --START--
INFO: Run ShowPageTrace Behavior [ RunTime:0.000751s ]
INFO: [ view_end ] --END-- [ RunTime:0.000798s ]

[ 2013-11-04T10:15:33+08:00 ] 0.0.0.0 /aqzsjs/index.php/Index/index
INFO: [ route_check ] --START--
INFO: Run CheckRoute Behavior [ RunTime:0.001714s ]
INFO: [ route_check ] --END-- [ RunTime:0.001833s ]
INFO: [ app_begin ] --START--
INFO: Run ReadHtmlCache Behavior [ RunTime:0.000933s ]
INFO: [ app_begin ] --END-- [ RunTime:0.001003s ]
NOTIC: [2048] Declaration of IndexAction::error() should be compatible with that of Action::error() D:\phpStudy\WWW\aqzsjs\Home\Lib\Action\IndexAction.class.php 第 3 行.
INFO: [ view_template ] --START--
INFO: Run LocationTemplate Behavior [ RunTime:0.001694s ]
INFO: [ view_template ] --END-- [ RunTime:0.001807s ]
INFO: [ view_parse ] --START--
NOTIC: [8] Undefined variable: error D:\phpStudy\WWW\aqzsjs\Cache\Runtime\Home\Cache\7e4848229090366086cc7eeb3bfc0798.php 第 97 行.
INFO: Run ParseTemplate Behavior [ RunTime:0.009588s ]
INFO: [ view_parse ] --END-- [ RunTime:0.009670s ]
INFO: [ view_filter ] --START--
INFO: Run ContentReplace Behavior [ RunTime:0.000703s ]
INFO: Run TokenBuild Behavior [ RunTime:0.000689s ]
INFO: Run WriteHtmlCache Behavior [ RunTime:0.000569s ]
INFO: Run ShowRuntime Behavior [ RunTime:0.000689s ]
INFO: [ view_filter ] --END-- [ RunTime:0.002798s ]
INFO: [ view_end ] --START--
INFO: Run ShowPageTrace Behavior [ RunTime:0.000783s ]
INFO: [ view_end ] --END-- [ RunTime:0.000836s ]

[ 2013-11-04T10:16:13+08:00 ] 0.0.0.0 /aqzsjs/index.php/Index/index
INFO: [ route_check ] --START--
INFO: Run CheckRoute Behavior [ RunTime:0.001618s ]
INFO: [ route_check ] --END-- [ RunTime:0.001761s ]
INFO: [ app_begin ] --START--
INFO: Run ReadHtmlCache Behavior [ RunTime:0.001238s ]
INFO: [ app_begin ] --END-- [ RunTime:0.001347s ]
NOTIC: [2048] Declaration of IndexAction::error() should be compatible with that of Action::error() D:\phpStudy\WWW\aqzsjs\Home\Lib\Action\IndexAction.class.php 第 3 行.
INFO: [ view_template ] --START--
INFO: Run LocationTemplate Behavior [ RunTime:0.001524s ]
INFO: [ view_template ] --END-- [ RunTime:0.001632s ]
INFO: [ view_parse ] --START--
NOTIC: [8] Undefined variable: error D:\phpStudy\WWW\aqzsjs\Cache\Runtime\Home\Cache\7e4848229090366086cc7eeb3bfc0798.php 第 97 行.
INFO: Run ParseTemplate Behavior [ RunTime:0.009492s ]
INFO: [ view_parse ] --END-- [ RunTime:0.009568s ]
INFO: [ view_filter ] --START--
INFO: Run ContentReplace Behavior [ RunTime:0.000578s ]
INFO: Run TokenBuild Behavior [ RunTime:0.000574s ]
INFO: Run WriteHtmlCache Behavior [ RunTime:0.000423s ]
INFO: Run ShowRuntime Behavior [ RunTime:0.000572s ]
INFO: [ view_filter ] --END-- [ RunTime:0.002286s ]
INFO: [ view_end ] --START--
INFO: Run ShowPageTrace Behavior [ RunTime:0.000648s ]
INFO: [ view_end ] --END-- [ RunTime:0.000698s ]

[ 2013-11-04T10:16:31+08:00 ] 0.0.0.0 /aqzsjs/index.php/Index/index
INFO: [ route_check ] --START--
INFO: Run CheckRoute Behavior [ RunTime:0.001249s ]
INFO: [ route_check ] --END-- [ RunTime:0.001336s ]
INFO: [ app_begin ] --START--
INFO: Run ReadHtmlCache Behavior [ RunTime:0.001075s ]
INFO: [ app_begin ] --END-- [ RunTime:0.001143s ]
NOTIC: [2048] Declaration of IndexAction::error() should be compatible with that of Action::error() D:\phpStudy\WWW\aqzsjs\Home\Lib\Action\IndexAction.class.php 第 3 行.
SQL: SHOW COLUMNS FROM `aq_member` [ RunTime:0.003155s ]
SQL: SELECT * FROM `aq_member` WHERE ( school_ID=10121040108 ) LIMIT 1   [ RunTime:0.000363s ]

[ 2013-11-04T10:16:31+08:00 ] 0.0.0.0 /aqzsjs/index.php/Index/info
INFO: [ route_check ] --START--
INFO: Run CheckRoute Behavior [ RunTime:0.001256s ]
INFO: [ route_check ] --END-- [ RunTime:0.001335s ]
INFO: [ app_begin ] --START--
INFO: Run ReadHtmlCache Behavior [ RunTime:0.000880s ]
INFO: [ app_begin ] --END-- [ RunTime:0.000936s ]
NOTIC: [2048] Declaration of IndexAction::error() should be compatible with that of Action::error() D:\phpStudy\WWW\aqzsjs\Home\Lib\Action\IndexAction.class.php 第 3 行.
INFO: [ view_template ] --START--
INFO: Run LocationTemplate Behavior [ RunTime:0.001067s ]
INFO: [ view_template ] --END-- [ RunTime:0.001124s ]
INFO: [ view_parse ] --START--
INFO: Run ParseTemplate Behavior [ RunTime:0.008363s ]
INFO: [ view_parse ] --END-- [ RunTime:0.008437s ]
INFO: [ view_filter ] --START--
INFO: Run ContentReplace Behavior [ RunTime:0.000827s ]
INFO: Run TokenBuild Behavior [ RunTime:0.000790s ]
INFO: Run WriteHtmlCache Behavior [ RunTime:0.000675s ]
INFO: Run ShowRuntime Behavior [ RunTime:0.000747s ]
INFO: [ view_filter ] --END-- [ RunTime:0.003198s ]
INFO: [ view_end ] --START--
INFO: Run ShowPageTrace Behavior [ RunTime:0.000816s ]
INFO: [ view_end ] --END-- [ RunTime:0.000890s ]

[ 2013-11-04T10:17:02+08:00 ] 0.0.0.0 /aqzsjs/index.php/Index/info
INFO: [ route_check ] --START--
INFO: Run CheckRoute Behavior [ RunTime:0.001435s ]
INFO: [ route_check ] --END-- [ RunTime:0.001537s ]
INFO: [ app_begin ] --START--
INFO: Run ReadHtmlCache Behavior [ RunTime:0.001178s ]
INFO: [ app_begin ] --END-- [ RunTime:0.001260s ]
NOTIC: [2048] Declaration of IndexAction::error() should be compatible with that of Action::error() D:\phpStudy\WWW\aqzsjs\Home\Lib\Action\IndexAction.class.php 第 3 行.
INFO: [ view_template ] --START--
INFO: Run LocationTemplate Behavior [ RunTime:0.001449s ]
INFO: [ view_template ] --END-- [ RunTime:0.001532s ]
INFO: [ view_parse ] --START--
INFO: Run ParseTemplate Behavior [ RunTime:0.012194s ]
INFO: [ view_parse ] --END-- [ RunTime:0.012279s ]
INFO: [ view_filter ] --START--
INFO: Run ContentReplace Behavior [ RunTime:0.000768s ]
INFO: Run TokenBuild Behavior [ RunTime:0.000699s ]
INFO: Run WriteHtmlCache Behavior [ RunTime:0.000646s ]
INFO: Run ShowRuntime Behavior [ RunTime:0.000753s ]
INFO: [ view_filter ] --END-- [ RunTime:0.003010s ]
INFO: [ view_end ] --START--
INFO: Run ShowPageTrace Behavior [ RunTime:0.000847s ]
INFO: [ view_end ] --END-- [ RunTime:0.000895s ]

[ 2013-11-04T10:17:49+08:00 ] 0.0.0.0 /aqzsjs/index.php/Index/info
INFO: [ route_check ] --START--
INFO: Run CheckRoute Behavior [ RunTime:0.001318s ]
INFO: [ route_check ] --END-- [ RunTime:0.001429s ]
INFO: [ app_begin ] --START--
INFO: Run ReadHtmlCache Behavior [ RunTime:0.001053s ]
INFO: [ app_begin ] --END-- [ RunTime:0.001147s ]
NOTIC: [2048] Declaration of IndexAction::error() should be compatible with that of Action::error() D:\phpStudy\WWW\aqzsjs\Home\Lib\Action\IndexAction.class.php 第 3 行.
INFO: [ view_template ] --START--
INFO: Run LocationTemplate Behavior [ RunTime:0.001353s ]
INFO: [ view_template ] --END-- [ RunTime:0.001454s ]
INFO: [ view_parse ] --START--
INFO: Run ParseTemplate Behavior [ RunTime:0.011528s ]
INFO: [ view_parse ] --END-- [ RunTime:0.011621s ]
INFO: [ view_filter ] --START--
INFO: Run ContentReplace Behavior [ RunTime:0.000933s ]
INFO: Run TokenBuild Behavior [ RunTime:0.000766s ]
INFO: Run WriteHtmlCache Behavior [ RunTime:0.000584s ]
INFO: Run ShowRuntime Behavior [ RunTime:0.000785s ]
INFO: [ view_filter ] --END-- [ RunTime:0.003342s ]
INFO: [ view_end ] --START--
INFO: Run ShowPageTrace Behavior [ RunTime:0.000927s ]
INFO: [ view_end ] --END-- [ RunTime:0.000997s ]

[ 2013-11-04T10:18:12+08:00 ] 0.0.0.0 /aqzsjs/index.php/Index/info
INFO: [ route_check ] --START--
INFO: Run CheckRoute Behavior [ RunTime:0.002444s ]
INFO: [ route_check ] --END-- [ RunTime:0.002613s ]
INFO: [ app_begin ] --START--
INFO: Run ReadHtmlCache Behavior [ RunTime:0.002018s ]
INFO: [ app_begin ] --END-- [ RunTime:0.002192s ]
NOTIC: [2048] Declaration of IndexAction::error() should be compatible with that of Action::error() D:\phpStudy\WWW\aqzsjs\Home\Lib\Action\IndexAction.class.php 第 3 行.
INFO: [ view_template ] --START--
INFO: Run LocationTemplate Behavior [ RunTime:0.001703s ]
INFO: [ view_template ] --END-- [ RunTime:0.001813s ]
INFO: [ view_parse ] --START--
INFO: Run ParseTemplate Behavior [ RunTime:0.015026s ]
INFO: [ view_parse ] --END-- [ RunTime:0.015194s ]
INFO: [ view_filter ] --START--
INFO: Run ContentReplace Behavior [ RunTime:0.001685s ]
INFO: Run TokenBuild Behavior [ RunTime:0.001325s ]
INFO: Run WriteHtmlCache Behavior [ RunTime:0.000864s ]
INFO: Run ShowRuntime Behavior [ RunTime:0.001066s ]
INFO: [ view_filter ] --END-- [ RunTime:0.005360s ]
INFO: [ view_end ] --START--
INFO: Run ShowPageTrace Behavior [ RunTime:0.002100s ]
INFO: [ view_end ] --END-- [ RunTime:0.002276s ]

[ 2013-11-04T10:18:21+08:00 ] 0.0.0.0 /aqzsjs/index.php/Index/info
INFO: [ route_check ] --START--
INFO: Run CheckRoute Behavior [ RunTime:0.001503s ]
INFO: [ route_check ] --END-- [ RunTime:0.001632s ]
INFO: [ app_begin ] --START--
INFO: Run ReadHtmlCache Behavior [ RunTime:0.001161s ]
INFO: [ app_begin ] --END-- [ RunTime:0.001288s ]
NOTIC: [2048] Declaration of IndexAction::error() should be compatible with that of Action::error() D:\phpStudy\WWW\aqzsjs\Home\Lib\Action\IndexAction.class.php 第 3 行.
INFO: [ view_template ] --START--
INFO: Run LocationTemplate Behavior [ RunTime:0.001350s ]
INFO: [ view_template ] --END-- [ RunTime:0.001463s ]
INFO: [ view_parse ] --START--
INFO: Run ParseTemplate Behavior [ RunTime:0.013132s ]
INFO: [ view_parse ] --END-- [ RunTime:0.013257s ]
INFO: [ view_filter ] --START--
INFO: Run ContentReplace Behavior [ RunTime:0.000901s ]
INFO: Run TokenBuild Behavior [ RunTime:0.000596s ]
INFO: Run WriteHtmlCache Behavior [ RunTime:0.000516s ]
INFO: Run ShowRuntime Behavior [ RunTime:0.000596s ]
INFO: [ view_filter ] --END-- [ RunTime:0.002788s ]
INFO: [ view_end ] --START--
INFO: Run ShowPageTrace Behavior [ RunTime:0.000673s ]
INFO: [ view_end ] --END-- [ RunTime:0.000723s ]

[ 2013-11-04T10:18:31+08:00 ] 0.0.0.0 /aqzsjs/index.php/Index/info
INFO: [ route_check ] --START--
INFO: Run CheckRoute Behavior [ RunTime:0.001659s ]
INFO: [ route_check ] --END-- [ RunTime:0.001797s ]
INFO: [ app_begin ] --START--
INFO: Run ReadHtmlCache Behavior [ RunTime:0.001262s ]
INFO: [ app_begin ] --END-- [ RunTime:0.001376s ]
NOTIC: [2048] Declaration of IndexAction::error() should be compatible with that of Action::error() D:\phpStudy\WWW\aqzsjs\Home\Lib\Action\IndexAction.class.php 第 3 行.
INFO: [ view_template ] --START--
INFO: Run LocationTemplate Behavior [ RunTime:0.001548s ]
INFO: [ view_template ] --END-- [ RunTime:0.001667s ]
INFO: [ view_parse ] --START--
INFO: Run ParseTemplate Behavior [ RunTime:0.008046s ]
INFO: [ view_parse ] --END-- [ RunTime:0.008141s ]
INFO: [ view_filter ] --START--
INFO: Run ContentReplace Behavior [ RunTime:0.000587s ]
INFO: Run TokenBuild Behavior [ RunTime:0.000511s ]
INFO: Run WriteHtmlCache Behavior [ RunTime:0.000452s ]
INFO: Run ShowRuntime Behavior [ RunTime:0.000553s ]
INFO: [ view_filter ] --END-- [ RunTime:0.002267s ]
INFO: [ view_end ] --START--
INFO: Run ShowPageTrace Behavior [ RunTime:0.000913s ]
INFO: [ view_end ] --END-- [ RunTime:0.000978s ]

[ 2013-11-04T10:18:37+08:00 ] 0.0.0.0 /aqzsjs/index.php/Index/info
INFO: [ route_check ] --START--
INFO: Run CheckRoute Behavior [ RunTime:0.001595s ]
INFO: [ route_check ] --END-- [ RunTime:0.001711s ]
INFO: [ app_begin ] --START--
INFO: Run ReadHtmlCache Behavior [ RunTime:0.001170s ]
INFO: [ app_begin ] --END-- [ RunTime:0.001261s ]
NOTIC: [2048] Declaration of IndexAction::error() should be compatible with that of Action::error() D:\phpStudy\WWW\aqzsjs\Home\Lib\Action\IndexAction.class.php 第 3 行.
INFO: [ view_template ] --START--
INFO: Run LocationTemplate Behavior [ RunTime:0.001486s ]
INFO: [ view_template ] --END-- [ RunTime:0.001582s ]
INFO: [ view_parse ] --START--
INFO: Run ParseTemplate Behavior [ RunTime:0.010589s ]
INFO: [ view_parse ] --END-- [ RunTime:0.010702s ]
INFO: [ view_filter ] --START--
INFO: Run ContentReplace Behavior [ RunTime:0.000767s ]
INFO: Run TokenBuild Behavior [ RunTime:0.000642s ]
INFO: Run WriteHtmlCache Behavior [ RunTime:0.000517s ]
INFO: Run ShowRuntime Behavior [ RunTime:0.000693s ]
INFO: [ view_filter ] --END-- [ RunTime:0.002796s ]
INFO: [ view_end ] --START--
INFO: Run ShowPageTrace Behavior [ RunTime:0.000875s ]
INFO: [ view_end ] --END-- [ RunTime:0.000928s ]

[ 2013-11-04T10:18:49+08:00 ] 0.0.0.0 /aqzsjs/index.php/Index/info
INFO: [ route_check ] --START--
INFO: Run CheckRoute Behavior [ RunTime:0.001696s ]
INFO: [ route_check ] --END-- [ RunTime:0.001846s ]
INFO: [ app_begin ] --START--
INFO: Run ReadHtmlCache Behavior [ RunTime:0.001916s ]
INFO: [ app_begin ] --END-- [ RunTime:0.002042s ]
NOTIC: [2048] Declaration of IndexAction::error() should be compatible with that of Action::error() D:\phpStudy\WWW\aqzsjs\Home\Lib\Action\IndexAction.class.php 第 3 行.
INFO: [ view_template ] --START--
INFO: Run LocationTemplate Behavior [ RunTime:0.001523s ]
INFO: [ view_template ] --END-- [ RunTime:0.001648s ]
INFO: [ view_parse ] --START--
INFO: Run ParseTemplate Behavior [ RunTime:0.012403s ]
INFO: [ view_parse ] --END-- [ RunTime:0.012541s ]
INFO: [ view_filter ] --START--
INFO: Run ContentReplace Behavior [ RunTime:0.001337s ]
INFO: Run TokenBuild Behavior [ RunTime:0.001442s ]
INFO: Run WriteHtmlCache Behavior [ RunTime:0.001075s ]
INFO: Run ShowRuntime Behavior [ RunTime:0.001210s ]
INFO: [ view_filter ] --END-- [ RunTime:0.005446s ]
INFO: [ view_end ] --START--
INFO: Run ShowPageTrace Behavior [ RunTime:0.001291s ]
INFO: [ view_end ] --END-- [ RunTime:0.001377s ]

[ 2013-11-04T10:19:31+08:00 ] 0.0.0.0 /aqzsjs/index.php/Index/info
INFO: [ route_check ] --START--
INFO: Run CheckRoute Behavior [ RunTime:0.001660s ]
INFO: [ route_check ] --END-- [ RunTime:0.001769s ]
INFO: [ app_begin ] --START--
INFO: Run ReadHtmlCache Behavior [ RunTime:0.001465s ]
INFO: [ app_begin ] --END-- [ RunTime:0.001560s ]
NOTIC: [2048] Declaration of IndexAction::error() should be compatible with that of Action::error() D:\phpStudy\WWW\aqzsjs\Home\Lib\Action\IndexAction.class.php 第 3 行.
INFO: [ view_template ] --START--
INFO: Run LocationTemplate Behavior [ RunTime:0.001701s ]
INFO: [ view_template ] --END-- [ RunTime:0.001797s ]
INFO: [ view_parse ] --START--
INFO: Run ParseTemplate Behavior [ RunTime:0.011019s ]
INFO: [ view_parse ] --END-- [ RunTime:0.011110s ]
INFO: [ view_filter ] --START--
INFO: Run ContentReplace Behavior [ RunTime:0.000788s ]
INFO: Run TokenBuild Behavior [ RunTime:0.000714s ]
INFO: Run WriteHtmlCache Behavior [ RunTime:0.000600s ]
INFO: Run ShowRuntime Behavior [ RunTime:0.000774s ]
INFO: [ view_filter ] --END-- [ RunTime:0.003019s ]
INFO: [ view_end ] --START--
INFO: Run ShowPageTrace Behavior [ RunTime:0.000841s ]
INFO: [ view_end ] --END-- [ RunTime:0.000889s ]

[ 2013-11-04T10:20:49+08:00 ] 0.0.0.0 /aqzsjs/index.php/Index/info
INFO: [ route_check ] --START--
INFO: Run CheckRoute Behavior [ RunTime:0.001708s ]
INFO: [ route_check ] --END-- [ RunTime:0.001830s ]
INFO: [ app_begin ] --START--
INFO: Run ReadHtmlCache Behavior [ RunTime:0.001528s ]
INFO: [ app_begin ] --END-- [ RunTime:0.001675s ]
NOTIC: [2048] Declaration of IndexAction::error() should be compatible with that of Action::error() D:\phpStudy\WWW\aqzsjs\Home\Lib\Action\IndexAction.class.php 第 3 行.
INFO: [ view_template ] --START--
INFO: Run LocationTemplate Behavior [ RunTime:0.001582s ]
INFO: [ view_template ] --END-- [ RunTime:0.001690s ]
INFO: [ view_parse ] --START--
INFO: Run ParseTemplate Behavior [ RunTime:0.009702s ]
INFO: [ view_parse ] --END-- [ RunTime:0.009816s ]
INFO: [ view_filter ] --START--
INFO: Run ContentReplace Behavior [ RunTime:0.001195s ]
INFO: Run TokenBuild Behavior [ RunTime:0.001058s ]
INFO: Run WriteHtmlCache Behavior [ RunTime:0.000833s ]
INFO: Run ShowRuntime Behavior [ RunTime:0.000777s ]
INFO: [ view_filter ] --END-- [ RunTime:0.004143s ]
INFO: [ view_end ] --START--
INFO: Run ShowPageTrace Behavior [ RunTime:0.000786s ]
INFO: [ view_end ] --END-- [ RunTime:0.000837s ]

[ 2013-11-04T10:20:56+08:00 ] 0.0.0.0 /aqzsjs/index.php/Index/index
INFO: [ route_check ] --START--
INFO: Run CheckRoute Behavior [ RunTime:0.001198s ]
INFO: [ route_check ] --END-- [ RunTime:0.001291s ]
INFO: [ app_begin ] --START--
INFO: Run ReadHtmlCache Behavior [ RunTime:0.000998s ]
INFO: [ app_begin ] --END-- [ RunTime:0.001082s ]
NOTIC: [2048] Declaration of IndexAction::error() should be compatible with that of Action::error() D:\phpStudy\WWW\aqzsjs\Home\Lib\Action\IndexAction.class.php 第 3 行.
INFO: [ view_template ] --START--
INFO: Run LocationTemplate Behavior [ RunTime:0.001212s ]
INFO: [ view_template ] --END-- [ RunTime:0.001285s ]
INFO: [ view_parse ] --START--
NOTIC: [8] Undefined variable: error D:\phpStudy\WWW\aqzsjs\Cache\Runtime\Home\Cache\7e4848229090366086cc7eeb3bfc0798.php 第 100 行.
INFO: Run ParseTemplate Behavior [ RunTime:0.008975s ]
INFO: [ view_parse ] --END-- [ RunTime:0.009045s ]
INFO: [ view_filter ] --START--
INFO: Run ContentReplace Behavior [ RunTime:0.000922s ]
INFO: Run TokenBuild Behavior [ RunTime:0.000900s ]
INFO: Run WriteHtmlCache Behavior [ RunTime:0.000756s ]
INFO: Run ShowRuntime Behavior [ RunTime:0.000940s ]
INFO: [ view_filter ] --END-- [ RunTime:0.003704s ]
INFO: [ view_end ] --START--
INFO: Run ShowPageTrace Behavior [ RunTime:0.001214s ]
INFO: [ view_end ] --END-- [ RunTime:0.001289s ]

[ 2013-11-04T10:21:08+08:00 ] 0.0.0.0 /aqzsjs/index.php/Index/index
INFO: [ route_check ] --START--
INFO: Run CheckRoute Behavior [ RunTime:0.001420s ]
INFO: [ route_check ] --END-- [ RunTime:0.001521s ]
INFO: [ app_begin ] --START--
INFO: Run ReadHtmlCache Behavior [ RunTime:0.001165s ]
INFO: [ app_begin ] --END-- [ RunTime:0.001247s ]
NOTIC: [2048] Declaration of IndexAction::error() should be compatible with that of Action::error() D:\phpStudy\WWW\aqzsjs\Home\Lib\Action\IndexAction.class.php 第 3 行.
INFO: [ view_template ] --START--
INFO: Run LocationTemplate Behavior [ RunTime:0.001481s ]
INFO: [ view_template ] --END-- [ RunTime:0.001570s ]
INFO: [ view_parse ] --START--
NOTIC: [8] Undefined variable: error D:\phpStudy\WWW\aqzsjs\Cache\Runtime\Home\Cache\7e4848229090366086cc7eeb3bfc0798.php 第 99 行.
INFO: Run ParseTemplate Behavior [ RunTime:0.010901s ]
INFO: [ view_parse ] --END-- [ RunTime:0.010985s ]
INFO: [ view_filter ] --START--
INFO: Run ContentReplace Behavior [ RunTime:0.001058s ]
INFO: Run TokenBuild Behavior [ RunTime:0.000779s ]
INFO: Run WriteHtmlCache Behavior [ RunTime:0.000654s ]
INFO: Run ShowRuntime Behavior [ RunTime:0.000846s ]
INFO: [ view_filter ] --END-- [ RunTime:0.003500s ]
INFO: [ view_end ] --START--
INFO: Run ShowPageTrace Behavior [ RunTime:0.000895s ]
INFO: [ view_end ] --END-- [ RunTime:0.000947s ]

[ 2013-11-04T10:21:51+08:00 ] 0.0.0.0 /aqzsjs/index.php/Index/index
INFO: [ route_check ] --START--
INFO: Run CheckRoute Behavior [ RunTime:0.001513s ]
INFO: [ route_check ] --END-- [ RunTime:0.001616s ]
INFO: [ app_begin ] --START--
INFO: Run ReadHtmlCache Behavior [ RunTime:0.001322s ]
INFO: [ app_begin ] --END-- [ RunTime:0.001411s ]
NOTIC: [2048] Declaration of IndexAction::error() should be compatible with that of Action::error() D:\phpStudy\WWW\aqzsjs\Home\Lib\Action\IndexAction.class.php 第 3 行.
INFO: [ view_template ] --START--
INFO: Run LocationTemplate Behavior [ RunTime:0.001529s ]
INFO: [ view_template ] --END-- [ RunTime:0.001614s ]
INFO: [ view_parse ] --START--
NOTIC: [8] Undefined variable: error D:\phpStudy\WWW\aqzsjs\Cache\Runtime\Home\Cache\7e4848229090366086cc7eeb3bfc0798.php 第 99 行.
INFO: Run ParseTemplate Behavior [ RunTime:0.009490s ]
INFO: [ view_parse ] --END-- [ RunTime:0.009577s ]
INFO: [ view_filter ] --START--
INFO: Run ContentReplace Behavior [ RunTime:0.000745s ]
INFO: Run TokenBuild Behavior [ RunTime:0.000873s ]
INFO: Run WriteHtmlCache Behavior [ RunTime:0.000858s ]
INFO: Run ShowRuntime Behavior [ RunTime:0.000816s ]
INFO: [ view_filter ] --END-- [ RunTime:0.003466s ]
INFO: [ view_end ] --START--
INFO: Run ShowPageTrace Behavior [ RunTime:0.000867s ]
INFO: [ view_end ] --END-- [ RunTime:0.000917s ]

[ 2013-11-04T10:21:53+08:00 ] 0.0.0.0 /aqzsjs/index.php/Index/index
INFO: [ route_check ] --START--
INFO: Run CheckRoute Behavior [ RunTime:0.001582s ]
INFO: [ route_check ] --END-- [ RunTime:0.001700s ]
INFO: [ app_begin ] --START--
INFO: Run ReadHtmlCache Behavior [ RunTime:0.001252s ]
INFO: [ app_begin ] --END-- [ RunTime:0.001352s ]
NOTIC: [2048] Declaration of IndexAction::error() should be compatible with that of Action::error() D:\phpStudy\WWW\aqzsjs\Home\Lib\Action\IndexAction.class.php 第 3 行.
INFO: [ view_template ] --START--
INFO: Run LocationTemplate Behavior [ RunTime:0.001576s ]
INFO: [ view_template ] --END-- [ RunTime:0.001688s ]
INFO: [ view_parse ] --START--
NOTIC: [8] Undefined variable: error D:\phpStudy\WWW\aqzsjs\Cache\Runtime\Home\Cache\7e4848229090366086cc7eeb3bfc0798.php 第 99 行.
INFO: Run ParseTemplate Behavior [ RunTime:0.009870s ]
INFO: [ view_parse ] --END-- [ RunTime:0.009979s ]
INFO: [ view_filter ] --START--
INFO: Run ContentReplace Behavior [ RunTime:0.000632s ]
INFO: Run TokenBuild Behavior [ RunTime:0.000663s ]
INFO: Run WriteHtmlCache Behavior [ RunTime:0.000522s ]
INFO: Run ShowRuntime Behavior [ RunTime:0.000676s ]
INFO: [ view_filter ] --END-- [ RunTime:0.002685s ]
INFO: [ view_end ] --START--
INFO: Run ShowPageTrace Behavior [ RunTime:0.000841s ]
INFO: [ view_end ] --END-- [ RunTime:0.000898s ]

[ 2013-11-04T10:22:24+08:00 ] 0.0.0.0 /aqzsjs/index.php/Base/verify_code
INFO: [ route_check ] --START--
INFO: Run CheckRoute Behavior [ RunTime:0.001351s ]
INFO: [ route_check ] --END-- [ RunTime:0.001475s ]
INFO: [ app_begin ] --START--
INFO: Run ReadHtmlCache Behavior [ RunTime:0.001343s ]
INFO: [ app_begin ] --END-- [ RunTime:0.001469s ]

[ 2013-11-04T10:22:28+08:00 ] 0.0.0.0 /aqzsjs/index.php/Index/index
INFO: [ route_check ] --START--
INFO: Run CheckRoute Behavior [ RunTime:0.001049s ]
INFO: [ route_check ] --END-- [ RunTime:0.001132s ]
INFO: [ app_begin ] --START--
INFO: Run ReadHtmlCache Behavior [ RunTime:0.000719s ]
INFO: [ app_begin ] --END-- [ RunTime:0.000779s ]
NOTIC: [2048] Declaration of IndexAction::error() should be compatible with that of Action::error() D:\phpStudy\WWW\aqzsjs\Home\Lib\Action\IndexAction.class.php 第 3 行.
INFO: [ view_template ] --START--
INFO: Run LocationTemplate Behavior [ RunTime:0.001008s ]
INFO: [ view_template ] --END-- [ RunTime:0.001069s ]
INFO: [ view_parse ] --START--
NOTIC: [8] Undefined variable: error D:\phpStudy\WWW\aqzsjs\Cache\Runtime\Home\Cache\7e4848229090366086cc7eeb3bfc0798.php 第 99 行.
INFO: Run ParseTemplate Behavior [ RunTime:0.007527s ]
INFO: [ view_parse ] --END-- [ RunTime:0.007614s ]
INFO: [ view_filter ] --START--
INFO: Run ContentReplace Behavior [ RunTime:0.000685s ]
INFO: Run TokenBuild Behavior [ RunTime:0.000695s ]
INFO: Run WriteHtmlCache Behavior [ RunTime:0.000516s ]
INFO: Run ShowRuntime Behavior [ RunTime:0.000701s ]
INFO: [ view_filter ] --END-- [ RunTime:0.002748s ]
INFO: [ view_end ] --START--
INFO: Run ShowPageTrace Behavior [ RunTime:0.000750s ]
INFO: [ view_end ] --END-- [ RunTime:0.000803s ]

[ 2013-11-04T10:22:31+08:00 ] 0.0.0.0 /aqzsjs/index.php/Index/index
INFO: [ route_check ] --START--
INFO: Run CheckRoute Behavior [ RunTime:0.001387s ]
INFO: [ route_check ] --END-- [ RunTime:0.001494s ]
INFO: [ app_begin ] --START--
INFO: Run ReadHtmlCache Behavior [ RunTime:0.001105s ]
INFO: [ app_begin ] --END-- [ RunTime:0.001195s ]
NOTIC: [2048] Declaration of IndexAction::error() should be compatible with that of Action::error() D:\phpStudy\WWW\aqzsjs\Home\Lib\Action\IndexAction.class.php 第 3 行.
INFO: [ view_template ] --START--
INFO: Run LocationTemplate Behavior [ RunTime:0.001400s ]
INFO: [ view_template ] --END-- [ RunTime:0.001498s ]
INFO: [ view_parse ] --START--
NOTIC: [8] Undefined variable: error D:\phpStudy\WWW\aqzsjs\Cache\Runtime\Home\Cache\7e4848229090366086cc7eeb3bfc0798.php 第 99 行.
INFO: Run ParseTemplate Behavior [ RunTime:1.205615s ]
INFO: [ view_parse ] --END-- [ RunTime:1.205778s ]
INFO: [ view_filter ] --START--
INFO: Run ContentReplace Behavior [ RunTime:0.002927s ]
INFO: Run TokenBuild Behavior [ RunTime:0.002427s ]
INFO: Run WriteHtmlCache Behavior [ RunTime:0.001894s ]
INFO: Run ShowRuntime Behavior [ RunTime:0.002373s ]
INFO: [ view_filter ] --END-- [ RunTime:0.010199s ]
INFO: [ view_end ] --START--
INFO: Run ShowPageTrace Behavior [ RunTime:0.003189s ]
INFO: [ view_end ] --END-- [ RunTime:0.003396s ]

