[ 2013-10-19T13:16:43+08:00 ] 0.0.0.0 /php/system.php/Index/index
INFO: [ route_check ] --START--
INFO: Run CheckRoute Behavior [ RunTime:0.000875s ]
INFO: [ route_check ] --END-- [ RunTime:0.000953s ]
INFO: [ app_begin ] --START--
INFO: Run ReadHtmlCache Behavior [ RunTime:0.000566s ]
INFO: [ app_begin ] --END-- [ RunTime:0.000624s ]

[ 2013-10-19T13:16:43+08:00 ] 0.0.0.0 /php/system.php/Public/index
INFO: [ route_check ] --START--
INFO: Run CheckRoute Behavior [ RunTime:0.000682s ]
INFO: [ route_check ] --END-- [ RunTime:0.000755s ]
INFO: [ app_begin ] --START--
INFO: Run ReadHtmlCache Behavior [ RunTime:0.000463s ]
INFO: [ app_begin ] --END-- [ RunTime:0.000517s ]
INFO: [ view_template ] --START--
INFO: Run LocationTemplate Behavior [ RunTime:0.000937s ]
INFO: [ view_template ] --END-- [ RunTime:0.001016s ]
INFO: [ view_parse ] --START--
NOTIC: [8] Undefined index: name D:\phpStudy\WWW\php\Cache\Runtime\Admin\Cache\cc4b0a749ca5cccb40c3abc8a077ff27.php 第 5 行.
INFO: Run ParseTemplate Behavior [ RunTime:0.006697s ]
INFO: [ view_parse ] --END-- [ RunTime:0.006755s ]
INFO: [ view_filter ] --START--
INFO: Run ContentReplace Behavior [ RunTime:0.000478s ]
INFO: Run TokenBuild Behavior [ RunTime:0.000509s ]
INFO: Run WriteHtmlCache Behavior [ RunTime:0.000405s ]
INFO: Run ShowRuntime Behavior [ RunTime:0.000522s ]
INFO: [ view_filter ] --END-- [ RunTime:0.002073s ]
INFO: [ view_end ] --START--
INFO: Run ShowPageTrace Behavior [ RunTime:0.000577s ]
INFO: [ view_end ] --END-- [ RunTime:0.000634s ]

[ 2013-10-19T13:17:36+08:00 ] 0.0.0.0 /php/system.php/Public/index
INFO: [ route_check ] --START--
INFO: Run CheckRoute Behavior [ RunTime:0.000804s ]
INFO: [ route_check ] --END-- [ RunTime:0.000898s ]
INFO: [ app_begin ] --START--
INFO: Run ReadHtmlCache Behavior [ RunTime:0.000565s ]
INFO: [ app_begin ] --END-- [ RunTime:0.000617s ]
SQL: SHOW COLUMNS FROM `aq_admin` [ RunTime:0.003524s ]
SQL: SHOW COLUMNS FROM `aq_public` [ RunTime:0.002169s ]
ERR: Table 'aqzs.aq_public' doesn't exist
 [ SQL语句 ] : SHOW COLUMNS FROM `aq_public`
NOTIC: [2] Missing argument 1 for PublicModel::auth(), called in D:\phpStudy\WWW\php\Admin\Lib\Action\PublicAction.class.php on line 34 and defined D:\phpStudy\WWW\php\Admin\Lib\Model\PublicModel.class.php 第 5 行.
SQL: SELECT COUNT(*) AS tp_count FROM `aq_admin` WHERE ( `email`='lanyan66238228@163.com' ) LIMIT 1   [ RunTime:0.000239s ]
SQL: SELECT * FROM `aq_admin` WHERE ( `email`='lanyan66238228@163.com' ) LIMIT 1   [ RunTime:0.000189s ]
SQL: SELECT * FROM `aq_admin` WHERE ( `email` = 'lanyan66238228@163.com' ) LIMIT 1   [ RunTime:0.000223s ]

[ 2013-10-19T13:17:38+08:00 ] 0.0.0.0 /php/system.php/Index/index
INFO: [ route_check ] --START--
INFO: Run CheckRoute Behavior [ RunTime:0.001544s ]
INFO: [ route_check ] --END-- [ RunTime:0.001688s ]
INFO: [ app_begin ] --START--
INFO: Run ReadHtmlCache Behavior [ RunTime:0.001737s ]
INFO: [ app_begin ] --END-- [ RunTime:0.001918s ]
INFO: [ view_template ] --START--
INFO: Run LocationTemplate Behavior [ RunTime:0.000796s ]
INFO: [ view_template ] --END-- [ RunTime:0.000861s ]
INFO: [ view_parse ] --START--
NOTIC: [8] Undefined variable: caches D:\phpStudy\WWW\php\Cache\Runtime\Admin\Cache\20eabf8d43f497715f3e1a7ec1a2f00f.php 第 46 行.
INFO: Run ParseTemplate Behavior [ RunTime:0.010840s ]
INFO: [ view_parse ] --END-- [ RunTime:0.010900s ]
INFO: [ view_filter ] --START--
INFO: Run ContentReplace Behavior [ RunTime:0.000487s ]
INFO: Run TokenBuild Behavior [ RunTime:0.000452s ]
INFO: Run WriteHtmlCache Behavior [ RunTime:0.000349s ]
INFO: Run ShowRuntime Behavior [ RunTime:0.000504s ]
INFO: [ view_filter ] --END-- [ RunTime:0.001928s ]
INFO: [ view_end ] --START--
INFO: Run ShowPageTrace Behavior [ RunTime:0.000573s ]
INFO: [ view_end ] --END-- [ RunTime:0.000620s ]

[ 2013-10-19T13:17:38+08:00 ] 0.0.0.0 /php/system.php/SysData/backup
INFO: [ route_check ] --START--
INFO: Run CheckRoute Behavior [ RunTime:0.000664s ]
INFO: [ route_check ] --END-- [ RunTime:0.000740s ]
INFO: [ app_begin ] --START--
INFO: Run ReadHtmlCache Behavior [ RunTime:0.000476s ]
INFO: [ app_begin ] --END-- [ RunTime:0.000530s ]
SQL: SHOW COLUMNS FROM `aq_sys_data` [ RunTime:0.002126s ]
ERR: Table 'aqzs.aq_sys_data' doesn't exist
 [ SQL语句 ] : SHOW COLUMNS FROM `aq_sys_data`
SQL: SHOW TABLE STATUS [ RunTime:0.001808s ]

[ 2013-10-19T13:17:41+08:00 ] 0.0.0.0 /php/system.php/SysData/index
INFO: [ route_check ] --START--
INFO: Run CheckRoute Behavior [ RunTime:0.001014s ]
INFO: [ route_check ] --END-- [ RunTime:0.001168s ]
INFO: [ app_begin ] --START--
INFO: Run ReadHtmlCache Behavior [ RunTime:0.000546s ]
INFO: [ app_begin ] --END-- [ RunTime:0.000613s ]
SQL: SHOW TABLE STATUS [ RunTime:0.000726s ]
INFO: [ view_template ] --START--
INFO: Run LocationTemplate Behavior [ RunTime:0.001071s ]
INFO: [ view_template ] --END-- [ RunTime:0.001149s ]
INFO: [ view_parse ] --START--
INFO: Run ParseTemplate Behavior [ RunTime:0.010894s ]
INFO: [ view_parse ] --END-- [ RunTime:0.010964s ]
INFO: [ view_filter ] --START--
INFO: Run ContentReplace Behavior [ RunTime:0.000399s ]
INFO: Run TokenBuild Behavior [ RunTime:0.000511s ]
INFO: Run WriteHtmlCache Behavior [ RunTime:0.000327s ]
INFO: Run ShowRuntime Behavior [ RunTime:0.000506s ]
INFO: [ view_filter ] --END-- [ RunTime:0.001882s ]
INFO: [ view_end ] --START--
INFO: Run ShowPageTrace Behavior [ RunTime:0.000417s ]
INFO: [ view_end ] --END-- [ RunTime:0.000465s ]

[ 2013-10-19T13:17:43+08:00 ] 0.0.0.0 /php/system.php/Member/index
INFO: [ route_check ] --START--
INFO: Run CheckRoute Behavior [ RunTime:0.000741s ]
INFO: [ route_check ] --END-- [ RunTime:0.000826s ]
INFO: [ app_begin ] --START--
INFO: Run ReadHtmlCache Behavior [ RunTime:0.000524s ]
INFO: [ app_begin ] --END-- [ RunTime:0.000589s ]
INFO: [ view_template ] --START--
INFO: Run LocationTemplate Behavior [ RunTime:0.000870s ]
INFO: [ view_template ] --END-- [ RunTime:0.000944s ]
INFO: [ view_parse ] --START--
INFO: Run ParseTemplate Behavior [ RunTime:0.010506s ]
INFO: [ view_parse ] --END-- [ RunTime:0.010590s ]
INFO: [ view_filter ] --START--
INFO: Run ContentReplace Behavior [ RunTime:0.000458s ]
INFO: Run TokenBuild Behavior [ RunTime:0.000556s ]
INFO: Run WriteHtmlCache Behavior [ RunTime:0.000400s ]
INFO: Run ShowRuntime Behavior [ RunTime:0.000595s ]
INFO: [ view_filter ] --END-- [ RunTime:0.002178s ]
INFO: [ view_end ] --START--
INFO: Run ShowPageTrace Behavior [ RunTime:0.000512s ]
INFO: [ view_end ] --END-- [ RunTime:0.000572s ]

[ 2013-10-19T13:17:44+08:00 ] 0.0.0.0 /php/system.php/Index/index
INFO: [ route_check ] --START--
INFO: Run CheckRoute Behavior [ RunTime:0.000748s ]
INFO: [ route_check ] --END-- [ RunTime:0.000834s ]
INFO: [ app_begin ] --START--
INFO: Run ReadHtmlCache Behavior [ RunTime:0.000533s ]
INFO: [ app_begin ] --END-- [ RunTime:0.000599s ]
INFO: [ view_template ] --START--
INFO: Run LocationTemplate Behavior [ RunTime:0.000786s ]
INFO: [ view_template ] --END-- [ RunTime:0.000863s ]
INFO: [ view_parse ] --START--
NOTIC: [8] Undefined variable: caches D:\phpStudy\WWW\php\Cache\Runtime\Admin\Cache\20eabf8d43f497715f3e1a7ec1a2f00f.php 第 46 行.
INFO: Run ParseTemplate Behavior [ RunTime:0.011433s ]
INFO: [ view_parse ] --END-- [ RunTime:0.011498s ]
INFO: [ view_filter ] --START--
INFO: Run ContentReplace Behavior [ RunTime:0.000387s ]
INFO: Run TokenBuild Behavior [ RunTime:0.000475s ]
INFO: Run WriteHtmlCache Behavior [ RunTime:0.000327s ]
INFO: Run ShowRuntime Behavior [ RunTime:0.000499s ]
INFO: [ view_filter ] --END-- [ RunTime:0.001834s ]
INFO: [ view_end ] --START--
INFO: Run ShowPageTrace Behavior [ RunTime:0.000432s ]
INFO: [ view_end ] --END-- [ RunTime:0.000479s ]

[ 2013-10-19T13:17:44+08:00 ] 0.0.0.0 /php/system.php/SysData/backup
INFO: [ route_check ] --START--
INFO: Run CheckRoute Behavior [ RunTime:0.000801s ]
INFO: [ route_check ] --END-- [ RunTime:0.000895s ]
INFO: [ app_begin ] --START--
INFO: Run ReadHtmlCache Behavior [ RunTime:0.000612s ]
INFO: [ app_begin ] --END-- [ RunTime:0.000685s ]
SQL: SHOW COLUMNS FROM `aq_sys_data` [ RunTime:0.001992s ]
ERR: Table 'aqzs.aq_sys_data' doesn't exist
 [ SQL语句 ] : SHOW COLUMNS FROM `aq_sys_data`
SQL: SHOW TABLE STATUS [ RunTime:0.000606s ]

[ 2013-10-19T13:20:36+08:00 ] 0.0.0.0 /php/system.php/Member/index
INFO: [ route_check ] --START--
INFO: Run CheckRoute Behavior [ RunTime:0.000976s ]
INFO: [ route_check ] --END-- [ RunTime:0.001064s ]
INFO: [ app_begin ] --START--
INFO: Run ReadHtmlCache Behavior [ RunTime:0.000607s ]
INFO: [ app_begin ] --END-- [ RunTime:0.000686s ]
INFO: [ view_template ] --START--
INFO: Run LocationTemplate Behavior [ RunTime:0.000862s ]
INFO: [ view_template ] --END-- [ RunTime:0.000939s ]
INFO: [ view_parse ] --START--
INFO: Run ParseTemplate Behavior [ RunTime:0.011423s ]
INFO: [ view_parse ] --END-- [ RunTime:0.011505s ]
INFO: [ view_filter ] --START--
INFO: Run ContentReplace Behavior [ RunTime:0.000518s ]
INFO: Run TokenBuild Behavior [ RunTime:0.000566s ]
INFO: Run WriteHtmlCache Behavior [ RunTime:0.000482s ]
INFO: Run ShowRuntime Behavior [ RunTime:0.000595s ]
INFO: [ view_filter ] --END-- [ RunTime:0.002331s ]
INFO: [ view_end ] --START--
INFO: Run ShowPageTrace Behavior [ RunTime:0.000631s ]
INFO: [ view_end ] --END-- [ RunTime:0.000696s ]

[ 2013-10-19T13:20:39+08:00 ] 0.0.0.0 /php/system.php/Member/index
INFO: [ route_check ] --START--
INFO: Run CheckRoute Behavior [ RunTime:0.000748s ]
INFO: [ route_check ] --END-- [ RunTime:0.000831s ]
INFO: [ app_begin ] --START--
INFO: Run ReadHtmlCache Behavior [ RunTime:0.000553s ]
INFO: [ app_begin ] --END-- [ RunTime:0.000623s ]
INFO: [ view_template ] --START--
INFO: Run LocationTemplate Behavior [ RunTime:0.000753s ]
INFO: [ view_template ] --END-- [ RunTime:0.000834s ]
INFO: [ view_parse ] --START--
INFO: Run ParseTemplate Behavior [ RunTime:0.010536s ]
INFO: [ view_parse ] --END-- [ RunTime:0.010618s ]
INFO: [ view_filter ] --START--
INFO: Run ContentReplace Behavior [ RunTime:0.000453s ]
INFO: Run TokenBuild Behavior [ RunTime:0.000581s ]
INFO: Run WriteHtmlCache Behavior [ RunTime:0.000408s ]
INFO: Run ShowRuntime Behavior [ RunTime:0.000605s ]
INFO: [ view_filter ] --END-- [ RunTime:0.002215s ]
INFO: [ view_end ] --START--
INFO: Run ShowPageTrace Behavior [ RunTime:0.000526s ]
INFO: [ view_end ] --END-- [ RunTime:0.000587s ]

[ 2013-10-19T13:20:40+08:00 ] 0.0.0.0 /php/system.php/Member/index
INFO: [ route_check ] --START--
INFO: Run CheckRoute Behavior [ RunTime:0.000758s ]
INFO: [ route_check ] --END-- [ RunTime:0.000847s ]
INFO: [ app_begin ] --START--
INFO: Run ReadHtmlCache Behavior [ RunTime:0.000530s ]
INFO: [ app_begin ] --END-- [ RunTime:0.000599s ]
INFO: [ view_template ] --START--
INFO: Run LocationTemplate Behavior [ RunTime:0.000738s ]
INFO: [ view_template ] --END-- [ RunTime:0.000811s ]
INFO: [ view_parse ] --START--
INFO: Run ParseTemplate Behavior [ RunTime:0.009038s ]
INFO: [ view_parse ] --END-- [ RunTime:0.009113s ]
INFO: [ view_filter ] --START--
INFO: Run ContentReplace Behavior [ RunTime:0.000385s ]
INFO: Run TokenBuild Behavior [ RunTime:0.000459s ]
INFO: Run WriteHtmlCache Behavior [ RunTime:0.000328s ]
INFO: Run ShowRuntime Behavior [ RunTime:0.000485s ]
INFO: [ view_filter ] --END-- [ RunTime:0.001811s ]
INFO: [ view_end ] --START--
INFO: Run ShowPageTrace Behavior [ RunTime:0.000431s ]
INFO: [ view_end ] --END-- [ RunTime:0.000480s ]

[ 2013-10-19T13:20:45+08:00 ] 0.0.0.0 /php/system.php/SysData/index
INFO: [ route_check ] --START--
INFO: Run CheckRoute Behavior [ RunTime:0.000744s ]
INFO: [ route_check ] --END-- [ RunTime:0.000829s ]
INFO: [ app_begin ] --START--
INFO: Run ReadHtmlCache Behavior [ RunTime:0.000530s ]
INFO: [ app_begin ] --END-- [ RunTime:0.000596s ]
SQL: SHOW TABLE STATUS [ RunTime:0.000751s ]
INFO: [ view_template ] --START--
INFO: Run LocationTemplate Behavior [ RunTime:0.000879s ]
INFO: [ view_template ] --END-- [ RunTime:0.000939s ]
INFO: [ view_parse ] --START--
INFO: Run ParseTemplate Behavior [ RunTime:0.010712s ]
INFO: [ view_parse ] --END-- [ RunTime:0.010781s ]
INFO: [ view_filter ] --START--
INFO: Run ContentReplace Behavior [ RunTime:0.000398s ]
INFO: Run TokenBuild Behavior [ RunTime:0.000529s ]
INFO: Run WriteHtmlCache Behavior [ RunTime:0.000324s ]
INFO: Run ShowRuntime Behavior [ RunTime:0.000637s ]
INFO: [ view_filter ] --END-- [ RunTime:0.002032s ]
INFO: [ view_end ] --START--
INFO: Run ShowPageTrace Behavior [ RunTime:0.000463s ]
INFO: [ view_end ] --END-- [ RunTime:0.000530s ]

[ 2013-10-19T13:20:46+08:00 ] 0.0.0.0 /php/system.php/Access/index
INFO: [ route_check ] --START--
INFO: Run CheckRoute Behavior [ RunTime:0.000735s ]
INFO: [ route_check ] --END-- [ RunTime:0.000821s ]
INFO: [ app_begin ] --START--
INFO: Run ReadHtmlCache Behavior [ RunTime:0.000533s ]
INFO: [ app_begin ] --END-- [ RunTime:0.000600s ]
SQL: SHOW COLUMNS FROM `aq_access` [ RunTime:0.002550s ]
SQL: SHOW COLUMNS FROM `aq_admin` [ RunTime:0.002374s ]
SQL: SELECT * FROM `aq_admin`  [ RunTime:0.000261s ]
INFO: [ view_template ] --START--
INFO: Run LocationTemplate Behavior [ RunTime:0.001023s ]
INFO: [ view_template ] --END-- [ RunTime:0.001089s ]
INFO: [ view_parse ] --START--
INFO: Run ParseTemplate Behavior [ RunTime:0.010878s ]
INFO: [ view_parse ] --END-- [ RunTime:0.010956s ]
INFO: [ view_filter ] --START--
INFO: Run ContentReplace Behavior [ RunTime:0.000417s ]
INFO: Run TokenBuild Behavior [ RunTime:0.000457s ]
INFO: Run WriteHtmlCache Behavior [ RunTime:0.000331s ]
INFO: Run ShowRuntime Behavior [ RunTime:0.000491s ]
INFO: [ view_filter ] --END-- [ RunTime:0.001849s ]
INFO: [ view_end ] --START--
INFO: Run ShowPageTrace Behavior [ RunTime:0.000441s ]
INFO: [ view_end ] --END-- [ RunTime:0.000488s ]

[ 2013-10-19T13:20:47+08:00 ] 0.0.0.0 /php/system.php/SysData/index
INFO: [ route_check ] --START--
INFO: Run CheckRoute Behavior [ RunTime:0.000751s ]
INFO: [ route_check ] --END-- [ RunTime:0.000838s ]
INFO: [ app_begin ] --START--
INFO: Run ReadHtmlCache Behavior [ RunTime:0.000530s ]
INFO: [ app_begin ] --END-- [ RunTime:0.000598s ]
SQL: SHOW TABLE STATUS [ RunTime:0.000799s ]
INFO: [ view_template ] --START--
INFO: Run LocationTemplate Behavior [ RunTime:0.000980s ]
INFO: [ view_template ] --END-- [ RunTime:0.001053s ]
INFO: [ view_parse ] --START--
INFO: Run ParseTemplate Behavior [ RunTime:0.013168s ]
INFO: [ view_parse ] --END-- [ RunTime:0.013250s ]
INFO: [ view_filter ] --START--
INFO: Run ContentReplace Behavior [ RunTime:0.000520s ]
INFO: Run TokenBuild Behavior [ RunTime:0.000633s ]
INFO: Run WriteHtmlCache Behavior [ RunTime:0.000423s ]
INFO: Run ShowRuntime Behavior [ RunTime:0.000600s ]
INFO: [ view_filter ] --END-- [ RunTime:0.002354s ]
INFO: [ view_end ] --START--
INFO: Run ShowPageTrace Behavior [ RunTime:0.000524s ]
INFO: [ view_end ] --END-- [ RunTime:0.000585s ]

[ 2013-10-19T13:20:51+08:00 ] 0.0.0.0 /php/system.php/Member/index
INFO: [ route_check ] --START--
INFO: Run CheckRoute Behavior [ RunTime:0.000978s ]
INFO: [ route_check ] --END-- [ RunTime:0.001093s ]
INFO: [ app_begin ] --START--
INFO: Run ReadHtmlCache Behavior [ RunTime:0.000543s ]
INFO: [ app_begin ] --END-- [ RunTime:0.000610s ]
INFO: [ view_template ] --START--
INFO: Run LocationTemplate Behavior [ RunTime:0.000736s ]
INFO: [ view_template ] --END-- [ RunTime:0.000810s ]
INFO: [ view_parse ] --START--
INFO: Run ParseTemplate Behavior [ RunTime:0.010686s ]
INFO: [ view_parse ] --END-- [ RunTime:0.010770s ]
INFO: [ view_filter ] --START--
INFO: Run ContentReplace Behavior [ RunTime:0.000453s ]
INFO: Run TokenBuild Behavior [ RunTime:0.000563s ]
INFO: Run WriteHtmlCache Behavior [ RunTime:0.000410s ]
INFO: Run ShowRuntime Behavior [ RunTime:0.000593s ]
INFO: [ view_filter ] --END-- [ RunTime:0.002188s ]
INFO: [ view_end ] --START--
INFO: Run ShowPageTrace Behavior [ RunTime:0.000469s ]
INFO: [ view_end ] --END-- [ RunTime:0.000522s ]

[ 2013-10-19T13:20:54+08:00 ] 0.0.0.0 /php/system.php/Index/index
INFO: [ route_check ] --START--
INFO: Run CheckRoute Behavior [ RunTime:0.000767s ]
INFO: [ route_check ] --END-- [ RunTime:0.000918s ]
INFO: [ app_begin ] --START--
INFO: Run ReadHtmlCache Behavior [ RunTime:0.000551s ]
INFO: [ app_begin ] --END-- [ RunTime:0.000620s ]
INFO: [ view_template ] --START--
INFO: Run LocationTemplate Behavior [ RunTime:0.000787s ]
INFO: [ view_template ] --END-- [ RunTime:0.000862s ]
INFO: [ view_parse ] --START--
NOTIC: [8] Undefined variable: caches D:\phpStudy\WWW\php\Cache\Runtime\Admin\Cache\20eabf8d43f497715f3e1a7ec1a2f00f.php 第 46 行.
INFO: Run ParseTemplate Behavior [ RunTime:0.010065s ]
INFO: [ view_parse ] --END-- [ RunTime:0.010130s ]
INFO: [ view_filter ] --START--
INFO: Run ContentReplace Behavior [ RunTime:0.000406s ]
INFO: Run TokenBuild Behavior [ RunTime:0.000462s ]
INFO: Run WriteHtmlCache Behavior [ RunTime:0.000353s ]
INFO: Run ShowRuntime Behavior [ RunTime:0.000478s ]
INFO: [ view_filter ] --END-- [ RunTime:0.001852s ]
INFO: [ view_end ] --START--
INFO: Run ShowPageTrace Behavior [ RunTime:0.000430s ]
INFO: [ view_end ] --END-- [ RunTime:0.000479s ]

[ 2013-10-19T13:20:54+08:00 ] 0.0.0.0 /php/system.php/SysData/backup
INFO: [ route_check ] --START--
INFO: Run CheckRoute Behavior [ RunTime:0.000708s ]
INFO: [ route_check ] --END-- [ RunTime:0.000785s ]
INFO: [ app_begin ] --START--
INFO: Run ReadHtmlCache Behavior [ RunTime:0.000474s ]
INFO: [ app_begin ] --END-- [ RunTime:0.000524s ]
SQL: SHOW COLUMNS FROM `aq_sys_data` [ RunTime:0.002020s ]
ERR: Table 'aqzs.aq_sys_data' doesn't exist
 [ SQL语句 ] : SHOW COLUMNS FROM `aq_sys_data`
SQL: SHOW TABLE STATUS [ RunTime:0.000636s ]

[ 2013-10-19T13:20:56+08:00 ] 0.0.0.0 /php/system.php/Member/index
INFO: [ route_check ] --START--
INFO: Run CheckRoute Behavior [ RunTime:0.000893s ]
INFO: [ route_check ] --END-- [ RunTime:0.000994s ]
INFO: [ app_begin ] --START--
INFO: Run ReadHtmlCache Behavior [ RunTime:0.000595s ]
INFO: [ app_begin ] --END-- [ RunTime:0.000665s ]
INFO: [ view_template ] --START--
INFO: Run LocationTemplate Behavior [ RunTime:0.000768s ]
INFO: [ view_template ] --END-- [ RunTime:0.000851s ]
INFO: [ view_parse ] --START--
INFO: Run ParseTemplate Behavior [ RunTime:0.009702s ]
INFO: [ view_parse ] --END-- [ RunTime:0.009784s ]
INFO: [ view_filter ] --START--
INFO: Run ContentReplace Behavior [ RunTime:0.000370s ]
INFO: Run TokenBuild Behavior [ RunTime:0.000486s ]
INFO: Run WriteHtmlCache Behavior [ RunTime:0.000324s ]
INFO: Run ShowRuntime Behavior [ RunTime:0.000496s ]
INFO: [ view_filter ] --END-- [ RunTime:0.001814s ]
INFO: [ view_end ] --START--
INFO: Run ShowPageTrace Behavior [ RunTime:0.000414s ]
INFO: [ view_end ] --END-- [ RunTime:0.000461s ]

[ 2013-10-19T13:20:58+08:00 ] 0.0.0.0 /php/system.php/Member/index
INFO: [ route_check ] --START--
INFO: Run CheckRoute Behavior [ RunTime:0.000799s ]
INFO: [ route_check ] --END-- [ RunTime:0.000896s ]
INFO: [ app_begin ] --START--
INFO: Run ReadHtmlCache Behavior [ RunTime:0.000559s ]
INFO: [ app_begin ] --END-- [ RunTime:0.000625s ]
INFO: [ view_template ] --START--
INFO: Run LocationTemplate Behavior [ RunTime:0.000763s ]
INFO: [ view_template ] --END-- [ RunTime:0.000842s ]
INFO: [ view_parse ] --START--
INFO: Run ParseTemplate Behavior [ RunTime:0.010604s ]
INFO: [ view_parse ] --END-- [ RunTime:0.010685s ]
INFO: [ view_filter ] --START--
INFO: Run ContentReplace Behavior [ RunTime:0.000454s ]
INFO: Run TokenBuild Behavior [ RunTime:0.000560s ]
INFO: Run WriteHtmlCache Behavior [ RunTime:0.000409s ]
INFO: Run ShowRuntime Behavior [ RunTime:0.000629s ]
INFO: [ view_filter ] --END-- [ RunTime:0.002233s ]
INFO: [ view_end ] --START--
INFO: Run ShowPageTrace Behavior [ RunTime:0.000533s ]
INFO: [ view_end ] --END-- [ RunTime:0.000593s ]

[ 2013-10-19T13:27:48+08:00 ] 0.0.0.0 /php/system.php/SysData/index
INFO: [ route_check ] --START--
INFO: Run CheckRoute Behavior [ RunTime:0.001031s ]
INFO: [ route_check ] --END-- [ RunTime:0.001121s ]
INFO: [ app_begin ] --START--
INFO: Run ReadHtmlCache Behavior [ RunTime:0.000588s ]
INFO: [ app_begin ] --END-- [ RunTime:0.000666s ]
SQL: SHOW TABLE STATUS [ RunTime:0.000790s ]
INFO: [ view_template ] --START--
INFO: Run LocationTemplate Behavior [ RunTime:0.000946s ]
INFO: [ view_template ] --END-- [ RunTime:0.001044s ]
INFO: [ view_parse ] --START--
INFO: Run ParseTemplate Behavior [ RunTime:0.011404s ]
INFO: [ view_parse ] --END-- [ RunTime:0.011483s ]
INFO: [ view_filter ] --START--
INFO: Run ContentReplace Behavior [ RunTime:0.000509s ]
INFO: Run TokenBuild Behavior [ RunTime:0.000537s ]
INFO: Run WriteHtmlCache Behavior [ RunTime:0.000405s ]
INFO: Run ShowRuntime Behavior [ RunTime:0.000495s ]
INFO: [ view_filter ] --END-- [ RunTime:0.002098s ]
INFO: [ view_end ] --START--
INFO: Run ShowPageTrace Behavior [ RunTime:0.000591s ]
INFO: [ view_end ] --END-- [ RunTime:0.000640s ]

[ 2013-10-19T13:27:51+08:00 ] 0.0.0.0 /php/system.php/Access/index
INFO: [ route_check ] --START--
INFO: Run CheckRoute Behavior [ RunTime:0.000741s ]
INFO: [ route_check ] --END-- [ RunTime:0.000826s ]
INFO: [ app_begin ] --START--
INFO: Run ReadHtmlCache Behavior [ RunTime:0.000536s ]
INFO: [ app_begin ] --END-- [ RunTime:0.000603s ]
SQL: SHOW COLUMNS FROM `aq_access` [ RunTime:0.002509s ]
SQL: SHOW COLUMNS FROM `aq_admin` [ RunTime:0.002522s ]
SQL: SELECT * FROM `aq_admin`  [ RunTime:0.000339s ]
INFO: [ view_template ] --START--
INFO: Run LocationTemplate Behavior [ RunTime:0.001166s ]
INFO: [ view_template ] --END-- [ RunTime:0.001267s ]
INFO: [ view_parse ] --START--
INFO: Run ParseTemplate Behavior [ RunTime:0.010493s ]
INFO: [ view_parse ] --END-- [ RunTime:0.010578s ]
INFO: [ view_filter ] --START--
INFO: Run ContentReplace Behavior [ RunTime:0.000377s ]
INFO: Run TokenBuild Behavior [ RunTime:0.000521s ]
INFO: Run WriteHtmlCache Behavior [ RunTime:0.000332s ]
INFO: Run ShowRuntime Behavior [ RunTime:0.000476s ]
INFO: [ view_filter ] --END-- [ RunTime:0.001852s ]
INFO: [ view_end ] --START--
INFO: Run ShowPageTrace Behavior [ RunTime:0.000417s ]
INFO: [ view_end ] --END-- [ RunTime:0.000465s ]

[ 2013-10-19T13:50:56+08:00 ] 0.0.0.0 /php/system.php/Access/index
INFO: [ route_check ] --START--
INFO: Run CheckRoute Behavior [ RunTime:0.001305s ]
INFO: [ route_check ] --END-- [ RunTime:0.001423s ]
INFO: [ app_begin ] --START--
INFO: Run ReadHtmlCache Behavior [ RunTime:0.000957s ]
INFO: [ app_begin ] --END-- [ RunTime:0.001105s ]
SQL: SHOW COLUMNS FROM `aq_access` [ RunTime:0.002775s ]
SQL: SHOW COLUMNS FROM `aq_admin` [ RunTime:0.002787s ]
SQL: SELECT * FROM `aq_admin`  [ RunTime:0.000280s ]
INFO: [ view_template ] --START--
INFO: Run LocationTemplate Behavior [ RunTime:0.000957s ]
INFO: [ view_template ] --END-- [ RunTime:0.001019s ]
INFO: [ view_parse ] --START--
INFO: Run ParseTemplate Behavior [ RunTime:0.010622s ]
INFO: [ view_parse ] --END-- [ RunTime:0.010703s ]
INFO: [ view_filter ] --START--
INFO: Run ContentReplace Behavior [ RunTime:0.000422s ]
INFO: Run TokenBuild Behavior [ RunTime:0.000493s ]
INFO: Run WriteHtmlCache Behavior [ RunTime:0.000369s ]
INFO: Run ShowRuntime Behavior [ RunTime:0.000543s ]
INFO: [ view_filter ] --END-- [ RunTime:0.001982s ]
INFO: [ view_end ] --START--
INFO: Run ShowPageTrace Behavior [ RunTime:0.000589s ]
INFO: [ view_end ] --END-- [ RunTime:0.000662s ]

[ 2013-10-19T13:51:00+08:00 ] 0.0.0.0 /php/system.php/Access/addAdmin
INFO: [ route_check ] --START--
INFO: Run CheckRoute Behavior [ RunTime:0.001032s ]
INFO: [ route_check ] --END-- [ RunTime:0.001118s ]
INFO: [ app_begin ] --START--
INFO: Run ReadHtmlCache Behavior [ RunTime:0.000733s ]
INFO: [ app_begin ] --END-- [ RunTime:0.000799s ]
SQL: SHOW COLUMNS FROM `aq_role` [ RunTime:0.854029s ]
SQL: SELECT * FROM `aq_role`  [ RunTime:0.000444s ]
INFO: [ view_template ] --START--
INFO: Run LocationTemplate Behavior [ RunTime:0.001317s ]
INFO: [ view_template ] --END-- [ RunTime:0.001406s ]
INFO: [ view_parse ] --START--
NOTIC: [8] Undefined index: email D:\phpStudy\WWW\php\Cache\Runtime\Admin\Cache\f585e7543272d8efed0640e85171f3ec.php 第 44 行.
NOTIC: [8] Undefined index: status D:\phpStudy\WWW\php\Cache\Runtime\Admin\Cache\f585e7543272d8efed0640e85171f3ec.php 第 54 行.
NOTIC: [8] Undefined index: remark D:\phpStudy\WWW\php\Cache\Runtime\Admin\Cache\f585e7543272d8efed0640e85171f3ec.php 第 68 行.
NOTIC: [8] Undefined index: aid D:\phpStudy\WWW\php\Cache\Runtime\Admin\Cache\f585e7543272d8efed0640e85171f3ec.php 第 71 行.
INFO: Run ParseTemplate Behavior [ RunTime:0.014721s ]
INFO: [ view_parse ] --END-- [ RunTime:0.014823s ]
INFO: [ view_filter ] --START--
INFO: Run ContentReplace Behavior [ RunTime:0.000807s ]
INFO: Run TokenBuild Behavior [ RunTime:0.000859s ]
INFO: Run WriteHtmlCache Behavior [ RunTime:0.000532s ]
INFO: Run ShowRuntime Behavior [ RunTime:0.000654s ]
INFO: [ view_filter ] --END-- [ RunTime:0.003087s ]
INFO: [ view_end ] --START--
INFO: Run ShowPageTrace Behavior [ RunTime:0.000714s ]
INFO: [ view_end ] --END-- [ RunTime:0.000772s ]

[ 2013-10-19T15:01:47+08:00 ] 0.0.0.0 /php/system.php/Index/index
INFO: [ route_check ] --START--
INFO: Run CheckRoute Behavior [ RunTime:0.001042s ]
INFO: [ route_check ] --END-- [ RunTime:0.001131s ]
INFO: [ app_begin ] --START--
INFO: Run ReadHtmlCache Behavior [ RunTime:0.000654s ]
INFO: [ app_begin ] --END-- [ RunTime:0.000722s ]
INFO: [ view_template ] --START--
INFO: Run LocationTemplate Behavior [ RunTime:0.000811s ]
INFO: [ view_template ] --END-- [ RunTime:0.000886s ]
INFO: [ view_parse ] --START--
NOTIC: [8] Use of undefined constant HTTP_HOST - assumed 'HTTP_HOST' D:\phpStudy\WWW\php\Cache\Runtime\Admin\Cache\fb6b3aae07e58719bb4aa97d8ea4810a.php 第 64 行.
INFO: Run ParseTemplate Behavior [ RunTime:0.008837s ]
INFO: [ view_parse ] --END-- [ RunTime:0.008908s ]
INFO: [ view_filter ] --START--
INFO: Run ContentReplace Behavior [ RunTime:0.000547s ]
INFO: Run TokenBuild Behavior [ RunTime:0.000554s ]
INFO: Run WriteHtmlCache Behavior [ RunTime:0.000432s ]
INFO: Run ShowRuntime Behavior [ RunTime:0.000609s ]
INFO: [ view_filter ] --END-- [ RunTime:0.002313s ]
INFO: [ view_end ] --START--
INFO: Run ShowPageTrace Behavior [ RunTime:0.000733s ]
INFO: [ view_end ] --END-- [ RunTime:0.000793s ]

[ 2013-10-19T15:01:50+08:00 ] 0.0.0.0 /php/system.php/Public/index
INFO: [ route_check ] --START--
INFO: Run CheckRoute Behavior [ RunTime:0.001480s ]
INFO: [ route_check ] --END-- [ RunTime:0.001622s ]
INFO: [ app_begin ] --START--
INFO: Run ReadHtmlCache Behavior [ RunTime:0.001143s ]
INFO: [ app_begin ] --END-- [ RunTime:0.001260s ]
INFO: [ view_template ] --START--
INFO: Run LocationTemplate Behavior [ RunTime:0.001897s ]
INFO: [ view_template ] --END-- [ RunTime:0.002044s ]
INFO: [ view_parse ] --START--
NOTIC: [8] Undefined index: name D:\phpStudy\WWW\php\Cache\Runtime\Admin\Cache\cc4b0a749ca5cccb40c3abc8a077ff27.php 第 5 行.
INFO: Run ParseTemplate Behavior [ RunTime:0.015042s ]
INFO: [ view_parse ] --END-- [ RunTime:0.015126s ]
INFO: [ view_filter ] --START--
INFO: Run ContentReplace Behavior [ RunTime:0.000494s ]
INFO: Run TokenBuild Behavior [ RunTime:0.000471s ]
INFO: Run WriteHtmlCache Behavior [ RunTime:0.000384s ]
INFO: Run ShowRuntime Behavior [ RunTime:0.000506s ]
INFO: [ view_filter ] --END-- [ RunTime:0.002003s ]
INFO: [ view_end ] --START--
INFO: Run ShowPageTrace Behavior [ RunTime:0.000677s ]
INFO: [ view_end ] --END-- [ RunTime:0.000735s ]

[ 2013-10-19T15:02:07+08:00 ] 0.0.0.0 /php/system.php/Public/index
INFO: [ route_check ] --START--
INFO: Run CheckRoute Behavior [ RunTime:0.000583s ]
INFO: [ route_check ] --END-- [ RunTime:0.000672s ]
INFO: [ app_begin ] --START--
INFO: Run ReadHtmlCache Behavior [ RunTime:0.000378s ]
INFO: [ app_begin ] --END-- [ RunTime:0.000425s ]
SQL: SHOW COLUMNS FROM `aq_admin` [ RunTime:0.002825s ]
SQL: SHOW COLUMNS FROM `aq_public` [ RunTime:0.002083s ]
ERR: Table 'aqzs.aq_public' doesn't exist
 [ SQL语句 ] : SHOW COLUMNS FROM `aq_public`
NOTIC: [2] Missing argument 1 for PublicModel::auth(), called in D:\phpStudy\WWW\php\Admin\Lib\Action\PublicAction.class.php on line 34 and defined D:\phpStudy\WWW\php\Admin\Lib\Model\PublicModel.class.php 第 5 行.
SQL: SELECT COUNT(*) AS tp_count FROM `aq_admin` WHERE ( `email`='lanyan66238228@163.com' ) LIMIT 1   [ RunTime:0.000255s ]
SQL: SELECT * FROM `aq_admin` WHERE ( `email`='lanyan66238228@163.com' ) LIMIT 1   [ RunTime:0.000215s ]
SQL: SELECT * FROM `aq_admin` WHERE ( `email` = 'lanyan66238228@163.com' ) LIMIT 1   [ RunTime:0.000223s ]

[ 2013-10-19T15:02:10+08:00 ] 0.0.0.0 /php/system.php/Index/index
INFO: [ route_check ] --START--
INFO: Run CheckRoute Behavior [ RunTime:0.000671s ]
INFO: [ route_check ] --END-- [ RunTime:0.000756s ]
INFO: [ app_begin ] --START--
INFO: Run ReadHtmlCache Behavior [ RunTime:0.000461s ]
INFO: [ app_begin ] --END-- [ RunTime:0.000526s ]
INFO: [ view_template ] --START--
INFO: Run LocationTemplate Behavior [ RunTime:0.001183s ]
INFO: [ view_template ] --END-- [ RunTime:0.001295s ]
INFO: [ view_parse ] --START--
NOTIC: [8] Undefined variable: caches D:\phpStudy\WWW\php\Cache\Runtime\Admin\Cache\20eabf8d43f497715f3e1a7ec1a2f00f.php 第 46 行.
INFO: Run ParseTemplate Behavior [ RunTime:0.013318s ]
INFO: [ view_parse ] --END-- [ RunTime:0.013397s ]
INFO: [ view_filter ] --START--
INFO: Run ContentReplace Behavior [ RunTime:0.000588s ]
INFO: Run TokenBuild Behavior [ RunTime:0.000561s ]
INFO: Run WriteHtmlCache Behavior [ RunTime:0.000416s ]
INFO: Run ShowRuntime Behavior [ RunTime:0.000589s ]
INFO: [ view_filter ] --END-- [ RunTime:0.002322s ]
INFO: [ view_end ] --START--
INFO: Run ShowPageTrace Behavior [ RunTime:0.000697s ]
INFO: [ view_end ] --END-- [ RunTime:0.000754s ]

[ 2013-10-19T15:02:10+08:00 ] 0.0.0.0 /php/system.php/SysData/backup
INFO: [ route_check ] --START--
INFO: Run CheckRoute Behavior [ RunTime:0.000567s ]
INFO: [ route_check ] --END-- [ RunTime:0.000647s ]
INFO: [ app_begin ] --START--
INFO: Run ReadHtmlCache Behavior [ RunTime:0.000395s ]
INFO: [ app_begin ] --END-- [ RunTime:0.000445s ]
SQL: SHOW COLUMNS FROM `aq_sys_data` [ RunTime:0.002140s ]
ERR: Table 'aqzs.aq_sys_data' doesn't exist
 [ SQL语句 ] : SHOW COLUMNS FROM `aq_sys_data`
SQL: SHOW TABLE STATUS [ RunTime:0.001702s ]

[ 2013-10-19T15:06:19+08:00 ] 0.0.0.0 /php/system.php/Public/loginOut
INFO: [ route_check ] --START--
INFO: Run CheckRoute Behavior [ RunTime:0.001249s ]
INFO: [ route_check ] --END-- [ RunTime:0.001393s ]
INFO: [ app_begin ] --START--
INFO: Run ReadHtmlCache Behavior [ RunTime:0.001088s ]
INFO: [ app_begin ] --END-- [ RunTime:0.001221s ]

[ 2013-10-19T15:06:19+08:00 ] 0.0.0.0 /php/system.php/Index/index
INFO: [ route_check ] --START--
INFO: Run CheckRoute Behavior [ RunTime:0.000555s ]
INFO: [ route_check ] --END-- [ RunTime:0.000628s ]
INFO: [ app_begin ] --START--
INFO: Run ReadHtmlCache Behavior [ RunTime:0.000377s ]
INFO: [ app_begin ] --END-- [ RunTime:0.000431s ]

[ 2013-10-19T15:06:19+08:00 ] 0.0.0.0 /php/system.php/Public/index
INFO: [ route_check ] --START--
INFO: Run CheckRoute Behavior [ RunTime:0.000600s ]
INFO: [ route_check ] --END-- [ RunTime:0.000680s ]
INFO: [ app_begin ] --START--
INFO: Run ReadHtmlCache Behavior [ RunTime:0.000401s ]
INFO: [ app_begin ] --END-- [ RunTime:0.000459s ]
INFO: [ view_template ] --START--
INFO: Run LocationTemplate Behavior [ RunTime:0.001828s ]
INFO: [ view_template ] --END-- [ RunTime:0.001976s ]
INFO: [ view_parse ] --START--
NOTIC: [8] Undefined index: name D:\phpStudy\WWW\php\Cache\Runtime\Admin\Cache\cc4b0a749ca5cccb40c3abc8a077ff27.php 第 5 行.
INFO: Run ParseTemplate Behavior [ RunTime:0.011721s ]
INFO: [ view_parse ] --END-- [ RunTime:0.011811s ]
INFO: [ view_filter ] --START--
INFO: Run ContentReplace Behavior [ RunTime:0.000490s ]
INFO: Run TokenBuild Behavior [ RunTime:0.000490s ]
INFO: Run WriteHtmlCache Behavior [ RunTime:0.000360s ]
INFO: Run ShowRuntime Behavior [ RunTime:0.000500s ]
INFO: [ view_filter ] --END-- [ RunTime:0.001992s ]
INFO: [ view_end ] --START--
INFO: Run ShowPageTrace Behavior [ RunTime:0.000591s ]
INFO: [ view_end ] --END-- [ RunTime:0.000643s ]

[ 2013-10-19T15:07:42+08:00 ] 0.0.0.0 /php/system.php/Public/index
INFO: [ route_check ] --START--
INFO: Run CheckRoute Behavior [ RunTime:0.000711s ]
INFO: [ route_check ] --END-- [ RunTime:0.000799s ]
INFO: [ app_begin ] --START--
INFO: Run ReadHtmlCache Behavior [ RunTime:0.000471s ]
INFO: [ app_begin ] --END-- [ RunTime:0.000529s ]
SQL: SHOW COLUMNS FROM `aq_admin` [ RunTime:0.003022s ]
SQL: SHOW COLUMNS FROM `aq_public` [ RunTime:0.003007s ]
ERR: Table 'aqzs.aq_public' doesn't exist
 [ SQL语句 ] : SHOW COLUMNS FROM `aq_public`
NOTIC: [2] Missing argument 1 for PublicModel::auth(), called in D:\phpStudy\WWW\php\Admin\Lib\Action\PublicAction.class.php on line 34 and defined D:\phpStudy\WWW\php\Admin\Lib\Model\PublicModel.class.php 第 5 行.
SQL: SELECT COUNT(*) AS tp_count FROM `aq_admin` WHERE ( `email`='lanyan66238228@163.com' ) LIMIT 1   [ RunTime:0.000351s ]
SQL: SELECT * FROM `aq_admin` WHERE ( `email`='lanyan66238228@163.com' ) LIMIT 1   [ RunTime:0.000291s ]
SQL: SELECT * FROM `aq_admin` WHERE ( `email` = 'lanyan66238228@163.com' ) LIMIT 1   [ RunTime:0.000325s ]

[ 2013-10-19T15:07:44+08:00 ] 0.0.0.0 /php/system.php/Index/index
INFO: [ route_check ] --START--
INFO: Run CheckRoute Behavior [ RunTime:0.001006s ]
INFO: [ route_check ] --END-- [ RunTime:0.001129s ]
INFO: [ app_begin ] --START--
INFO: Run ReadHtmlCache Behavior [ RunTime:0.000690s ]
INFO: [ app_begin ] --END-- [ RunTime:0.000789s ]
INFO: [ view_template ] --START--
INFO: Run LocationTemplate Behavior [ RunTime:0.001140s ]
INFO: [ view_template ] --END-- [ RunTime:0.001249s ]
INFO: [ view_parse ] --START--
NOTIC: [8] Undefined variable: caches D:\phpStudy\WWW\php\Cache\Runtime\Admin\Cache\20eabf8d43f497715f3e1a7ec1a2f00f.php 第 46 行.
INFO: Run ParseTemplate Behavior [ RunTime:0.016599s ]
INFO: [ view_parse ] --END-- [ RunTime:0.016682s ]
INFO: [ view_filter ] --START--
INFO: Run ContentReplace Behavior [ RunTime:0.000607s ]
INFO: Run TokenBuild Behavior [ RunTime:0.000454s ]
INFO: Run WriteHtmlCache Behavior [ RunTime:0.000332s ]
INFO: Run ShowRuntime Behavior [ RunTime:0.000490s ]
INFO: [ view_filter ] --END-- [ RunTime:0.002031s ]
INFO: [ view_end ] --START--
INFO: Run ShowPageTrace Behavior [ RunTime:0.000575s ]
INFO: [ view_end ] --END-- [ RunTime:0.000622s ]

[ 2013-10-19T15:07:44+08:00 ] 0.0.0.0 /php/system.php/SysData/backup
INFO: [ route_check ] --START--
INFO: Run CheckRoute Behavior [ RunTime:0.000970s ]
INFO: [ route_check ] --END-- [ RunTime:0.001100s ]
INFO: [ app_begin ] --START--
INFO: Run ReadHtmlCache Behavior [ RunTime:0.000668s ]
INFO: [ app_begin ] --END-- [ RunTime:0.000751s ]
SQL: SHOW COLUMNS FROM `aq_sys_data` [ RunTime:0.003407s ]
ERR: Table 'aqzs.aq_sys_data' doesn't exist
 [ SQL语句 ] : SHOW COLUMNS FROM `aq_sys_data`
SQL: SHOW TABLE STATUS [ RunTime:0.000597s ]

[ 2013-10-19T15:13:16+08:00 ] 0.0.0.0 /php/system.php/Member/index
INFO: [ route_check ] --START--
INFO: Run CheckRoute Behavior [ RunTime:0.000968s ]
INFO: [ route_check ] --END-- [ RunTime:0.001060s ]
INFO: [ app_begin ] --START--
INFO: Run ReadHtmlCache Behavior [ RunTime:0.000565s ]
INFO: [ app_begin ] --END-- [ RunTime:0.000637s ]
INFO: [ view_template ] --START--
INFO: Run LocationTemplate Behavior [ RunTime:0.000841s ]
INFO: [ view_template ] --END-- [ RunTime:0.000918s ]
INFO: [ view_parse ] --START--
INFO: Run ParseTemplate Behavior [ RunTime:0.011429s ]
INFO: [ view_parse ] --END-- [ RunTime:0.011504s ]
INFO: [ view_filter ] --START--
INFO: Run ContentReplace Behavior [ RunTime:0.000450s ]
INFO: Run TokenBuild Behavior [ RunTime:0.000427s ]
INFO: Run WriteHtmlCache Behavior [ RunTime:0.000333s ]
INFO: Run ShowRuntime Behavior [ RunTime:0.000481s ]
INFO: [ view_filter ] --END-- [ RunTime:0.001825s ]
INFO: [ view_end ] --START--
INFO: Run ShowPageTrace Behavior [ RunTime:0.000552s ]
INFO: [ view_end ] --END-- [ RunTime:0.000604s ]

[ 2013-10-19T15:13:18+08:00 ] 0.0.0.0 /php/system.php/Member/index
INFO: [ route_check ] --START--
INFO: Run CheckRoute Behavior [ RunTime:0.000684s ]
INFO: [ route_check ] --END-- [ RunTime:0.000771s ]
INFO: [ app_begin ] --START--
INFO: Run ReadHtmlCache Behavior [ RunTime:0.000457s ]
INFO: [ app_begin ] --END-- [ RunTime:0.000521s ]
INFO: [ view_template ] --START--
INFO: Run LocationTemplate Behavior [ RunTime:0.000789s ]
INFO: [ view_template ] --END-- [ RunTime:0.000866s ]
INFO: [ view_parse ] --START--
INFO: Run ParseTemplate Behavior [ RunTime:0.011147s ]
INFO: [ view_parse ] --END-- [ RunTime:0.011237s ]
INFO: [ view_filter ] --START--
INFO: Run ContentReplace Behavior [ RunTime:0.000516s ]
INFO: Run TokenBuild Behavior [ RunTime:0.000541s ]
INFO: Run WriteHtmlCache Behavior [ RunTime:0.000415s ]
INFO: Run ShowRuntime Behavior [ RunTime:0.000580s ]
INFO: [ view_filter ] --END-- [ RunTime:0.002221s ]
INFO: [ view_end ] --START--
INFO: Run ShowPageTrace Behavior [ RunTime:0.000746s ]
INFO: [ view_end ] --END-- [ RunTime:0.000823s ]

[ 2013-10-19T15:13:22+08:00 ] 0.0.0.0 /php/system.php/Index/index
INFO: [ route_check ] --START--
INFO: Run CheckRoute Behavior [ RunTime:0.000683s ]
INFO: [ route_check ] --END-- [ RunTime:0.000769s ]
INFO: [ app_begin ] --START--
INFO: Run ReadHtmlCache Behavior [ RunTime:0.000590s ]
INFO: [ app_begin ] --END-- [ RunTime:0.000659s ]
INFO: [ view_template ] --START--
INFO: Run LocationTemplate Behavior [ RunTime:0.000795s ]
INFO: [ view_template ] --END-- [ RunTime:0.000878s ]
INFO: [ view_parse ] --START--
NOTIC: [8] Undefined variable: caches D:\phpStudy\WWW\php\Cache\Runtime\Admin\Cache\20eabf8d43f497715f3e1a7ec1a2f00f.php 第 46 行.
INFO: Run ParseTemplate Behavior [ RunTime:0.012460s ]
INFO: [ view_parse ] --END-- [ RunTime:0.012525s ]
INFO: [ view_filter ] --START--
INFO: Run ContentReplace Behavior [ RunTime:0.000438s ]
INFO: Run TokenBuild Behavior [ RunTime:0.000461s ]
INFO: Run WriteHtmlCache Behavior [ RunTime:0.000333s ]
INFO: Run ShowRuntime Behavior [ RunTime:0.000477s ]
INFO: [ view_filter ] --END-- [ RunTime:0.001847s ]
INFO: [ view_end ] --START--
INFO: Run ShowPageTrace Behavior [ RunTime:0.000662s ]
INFO: [ view_end ] --END-- [ RunTime:0.000712s ]

[ 2013-10-19T15:13:22+08:00 ] 0.0.0.0 /php/system.php/SysData/backup
INFO: [ route_check ] --START--
INFO: Run CheckRoute Behavior [ RunTime:0.000621s ]
INFO: [ route_check ] --END-- [ RunTime:0.000702s ]
INFO: [ app_begin ] --START--
INFO: Run ReadHtmlCache Behavior [ RunTime:0.000439s ]
INFO: [ app_begin ] --END-- [ RunTime:0.000497s ]
SQL: SHOW COLUMNS FROM `aq_sys_data` [ RunTime:0.002264s ]
ERR: Table 'aqzs.aq_sys_data' doesn't exist
 [ SQL语句 ] : SHOW COLUMNS FROM `aq_sys_data`
SQL: SHOW TABLE STATUS [ RunTime:0.001093s ]

[ 2013-10-19T15:25:12+08:00 ] 0.0.0.0 /php/system.php/Index/index
INFO: [ route_check ] --START--
INFO: Run CheckRoute Behavior [ RunTime:0.001254s ]
INFO: [ route_check ] --END-- [ RunTime:0.001373s ]
INFO: [ app_begin ] --START--
INFO: Run ReadHtmlCache Behavior [ RunTime:0.000750s ]
INFO: [ app_begin ] --END-- [ RunTime:0.000841s ]
INFO: [ view_template ] --START--
INFO: Run LocationTemplate Behavior [ RunTime:0.001130s ]
INFO: [ view_template ] --END-- [ RunTime:0.001228s ]
INFO: [ view_parse ] --START--
NOTIC: [8] Undefined variable: caches D:\phpStudy\WWW\php\Cache\Runtime\Admin\Cache\20eabf8d43f497715f3e1a7ec1a2f00f.php 第 46 行.
INFO: Run ParseTemplate Behavior [ RunTime:0.012208s ]
INFO: [ view_parse ] --END-- [ RunTime:0.012283s ]
INFO: [ view_filter ] --START--
INFO: Run ContentReplace Behavior [ RunTime:0.000482s ]
INFO: Run TokenBuild Behavior [ RunTime:0.000432s ]
INFO: Run WriteHtmlCache Behavior [ RunTime:0.000350s ]
INFO: Run ShowRuntime Behavior [ RunTime:0.000459s ]
INFO: [ view_filter ] --END-- [ RunTime:0.001858s ]
INFO: [ view_end ] --START--
INFO: Run ShowPageTrace Behavior [ RunTime:0.000590s ]
INFO: [ view_end ] --END-- [ RunTime:0.000638s ]

[ 2013-10-19T15:25:13+08:00 ] 0.0.0.0 /php/system.php/SysData/backup
INFO: [ route_check ] --START--
INFO: Run CheckRoute Behavior [ RunTime:0.001015s ]
INFO: [ route_check ] --END-- [ RunTime:0.001104s ]
INFO: [ app_begin ] --START--
INFO: Run ReadHtmlCache Behavior [ RunTime:0.000728s ]
INFO: [ app_begin ] --END-- [ RunTime:0.000814s ]
SQL: SHOW COLUMNS FROM `aq_sys_data` [ RunTime:0.002528s ]
ERR: Table 'aqzs.aq_sys_data' doesn't exist
 [ SQL语句 ] : SHOW COLUMNS FROM `aq_sys_data`
SQL: SHOW TABLE STATUS [ RunTime:0.001916s ]

