[ 2013-10-27T12:16:30+08:00 ] 0.0.0.0 /php/system.php/Member/index
INFO: [ route_check ] --START--
INFO: Run CheckRoute Behavior [ RunTime:0.002341s ]
INFO: [ route_check ] --END-- [ RunTime:0.002496s ]
INFO: [ app_begin ] --START--
INFO: Run ReadHtmlCache Behavior [ RunTime:0.001125s ]
INFO: [ app_begin ] --END-- [ RunTime:0.001220s ]
INFO: [ view_template ] --START--
INFO: Run LocationTemplate Behavior [ RunTime:0.000706s ]
INFO: [ view_template ] --END-- [ RunTime:0.000781s ]
INFO: [ view_parse ] --START--
NOTIC: [8] Use of undefined constant HTTP_HOST - assumed 'HTTP_HOST' D:\phpStudy\WWW\php\Cache\Runtime\Admin\Cache\fb6b3aae07e58719bb4aa97d8ea4810a.php 第 64 行.
INFO: Run ParseTemplate Behavior [ RunTime:0.650471s ]
INFO: [ view_parse ] --END-- [ RunTime:0.650571s ]
INFO: [ view_filter ] --START--
INFO: Run ContentReplace Behavior [ RunTime:0.001376s ]
INFO: Run TokenBuild Behavior [ RunTime:0.001205s ]
INFO: Run WriteHtmlCache Behavior [ RunTime:0.001010s ]
INFO: Run ShowRuntime Behavior [ RunTime:0.001278s ]
INFO: [ view_filter ] --END-- [ RunTime:0.005195s ]
INFO: [ view_end ] --START--
INFO: Run ShowPageTrace Behavior [ RunTime:0.001149s ]
INFO: [ view_end ] --END-- [ RunTime:0.001229s ]

[ 2013-10-27T12:16:30+08:00 ] 0.0.0.0 /php/system.php/Member/index
INFO: [ route_check ] --START--
INFO: Run CheckRoute Behavior [ RunTime:0.001021s ]
INFO: [ route_check ] --END-- [ RunTime:0.001091s ]
INFO: [ app_begin ] --START--
INFO: Run ReadHtmlCache Behavior [ RunTime:0.000716s ]
INFO: [ app_begin ] --END-- [ RunTime:0.000770s ]
INFO: [ view_template ] --START--
INFO: Run LocationTemplate Behavior [ RunTime:0.001554s ]
INFO: [ view_template ] --END-- [ RunTime:0.001690s ]
INFO: [ view_parse ] --START--
NOTIC: [8] Use of undefined constant HTTP_HOST - assumed 'HTTP_HOST' D:\phpStudy\WWW\php\Cache\Runtime\Admin\Cache\fb6b3aae07e58719bb4aa97d8ea4810a.php 第 64 行.
INFO: Run ParseTemplate Behavior [ RunTime:0.008903s ]
INFO: [ view_parse ] --END-- [ RunTime:0.008978s ]
INFO: [ view_filter ] --START--
INFO: Run ContentReplace Behavior [ RunTime:0.000798s ]
INFO: Run TokenBuild Behavior [ RunTime:0.000894s ]
INFO: Run WriteHtmlCache Behavior [ RunTime:0.000657s ]
INFO: Run ShowRuntime Behavior [ RunTime:0.000886s ]
INFO: [ view_filter ] --END-- [ RunTime:0.003501s ]
INFO: [ view_end ] --START--
INFO: Run ShowPageTrace Behavior [ RunTime:0.001858s ]
INFO: [ view_end ] --END-- [ RunTime:0.001987s ]

[ 2013-10-27T12:16:32+08:00 ] 0.0.0.0 /php/system.php/Public/index
INFO: [ route_check ] --START--
INFO: Run CheckRoute Behavior [ RunTime:0.000990s ]
INFO: [ route_check ] --END-- [ RunTime:0.001073s ]
INFO: [ app_begin ] --START--
INFO: Run ReadHtmlCache Behavior [ RunTime:0.000876s ]
INFO: [ app_begin ] --END-- [ RunTime:0.000946s ]
INFO: [ view_template ] --START--
INFO: Run LocationTemplate Behavior [ RunTime:0.001114s ]
INFO: [ view_template ] --END-- [ RunTime:0.001201s ]
INFO: [ view_parse ] --START--
NOTIC: [8] Undefined index: name D:\phpStudy\WWW\php\Cache\Runtime\Admin\Cache\cc4b0a749ca5cccb40c3abc8a077ff27.php 第 5 行.
INFO: Run ParseTemplate Behavior [ RunTime:0.008812s ]
INFO: [ view_parse ] --END-- [ RunTime:0.008882s ]
INFO: [ view_filter ] --START--
INFO: Run ContentReplace Behavior [ RunTime:0.000675s ]
INFO: Run TokenBuild Behavior [ RunTime:0.000715s ]
INFO: Run WriteHtmlCache Behavior [ RunTime:0.000563s ]
INFO: Run ShowRuntime Behavior [ RunTime:0.000882s ]
INFO: [ view_filter ] --END-- [ RunTime:0.003014s ]
INFO: [ view_end ] --START--
INFO: Run ShowPageTrace Behavior [ RunTime:0.000841s ]
INFO: [ view_end ] --END-- [ RunTime:0.000904s ]

[ 2013-10-27T12:16:38+08:00 ] 0.0.0.0 /php/system.php/Public/index
INFO: [ route_check ] --START--
INFO: Run CheckRoute Behavior [ RunTime:0.000747s ]
INFO: [ route_check ] --END-- [ RunTime:0.000834s ]
INFO: [ app_begin ] --START--
INFO: Run ReadHtmlCache Behavior [ RunTime:0.000600s ]
INFO: [ app_begin ] --END-- [ RunTime:0.000669s ]
SQL: SHOW COLUMNS FROM `aq_admin` [ RunTime:0.004361s ]
SQL: SHOW COLUMNS FROM `aq_public` [ RunTime:0.003159s ]
ERR: Table 'aqzs.aq_public' doesn't exist
 [ SQL语句 ] : SHOW COLUMNS FROM `aq_public`
NOTIC: [2] Missing argument 1 for PublicModel::auth(), called in D:\phpStudy\WWW\php\Admin\Lib\Action\PublicAction.class.php on line 34 and defined D:\phpStudy\WWW\php\Admin\Lib\Model\PublicModel.class.php 第 5 行.
SQL: SELECT COUNT(*) AS tp_count FROM `aq_admin` WHERE ( `email`='lanyan66238228@163.com' ) LIMIT 1   [ RunTime:0.000384s ]
SQL: SELECT * FROM `aq_admin` WHERE ( `email`='lanyan66238228@163.com' ) LIMIT 1   [ RunTime:0.000253s ]

[ 2013-10-27T12:16:40+08:00 ] 0.0.0.0 /php/system.php/Public/index
INFO: [ route_check ] --START--
INFO: Run CheckRoute Behavior [ RunTime:0.000693s ]
INFO: [ route_check ] --END-- [ RunTime:0.000776s ]
INFO: [ app_begin ] --START--
INFO: Run ReadHtmlCache Behavior [ RunTime:0.000483s ]
INFO: [ app_begin ] --END-- [ RunTime:0.000541s ]
SQL: SHOW COLUMNS FROM `aq_admin` [ RunTime:0.002781s ]
NOTIC: [8] Undefined index: f6f0bd2da7ebe00b271bb727942ead5a D:\phpStudy\WWW\php\ThinkPHP\Lib\Core\Model.class.php 第 822 行.

[ 2013-10-27T12:16:42+08:00 ] 0.0.0.0 /php/system.php/Public/index
INFO: [ route_check ] --START--
INFO: Run CheckRoute Behavior [ RunTime:0.001030s ]
INFO: [ route_check ] --END-- [ RunTime:0.001151s ]
INFO: [ app_begin ] --START--
INFO: Run ReadHtmlCache Behavior [ RunTime:0.000721s ]
INFO: [ app_begin ] --END-- [ RunTime:0.000822s ]
INFO: [ view_template ] --START--
INFO: Run LocationTemplate Behavior [ RunTime:0.001243s ]
INFO: [ view_template ] --END-- [ RunTime:0.001358s ]
INFO: [ view_parse ] --START--
NOTIC: [8] Undefined index: name D:\phpStudy\WWW\php\Cache\Runtime\Admin\Cache\cc4b0a749ca5cccb40c3abc8a077ff27.php 第 5 行.
INFO: Run ParseTemplate Behavior [ RunTime:0.011103s ]
INFO: [ view_parse ] --END-- [ RunTime:0.011208s ]
INFO: [ view_filter ] --START--
INFO: Run ContentReplace Behavior [ RunTime:0.000742s ]
INFO: Run TokenBuild Behavior [ RunTime:0.000766s ]
INFO: Run WriteHtmlCache Behavior [ RunTime:0.000559s ]
INFO: Run ShowRuntime Behavior [ RunTime:0.000784s ]
INFO: [ view_filter ] --END-- [ RunTime:0.003139s ]
INFO: [ view_end ] --START--
INFO: Run ShowPageTrace Behavior [ RunTime:0.001000s ]
INFO: [ view_end ] --END-- [ RunTime:0.001093s ]

[ 2013-10-27T12:16:48+08:00 ] 0.0.0.0 /php/system.php/Public/index
INFO: [ route_check ] --START--
INFO: Run CheckRoute Behavior [ RunTime:0.001020s ]
INFO: [ route_check ] --END-- [ RunTime:0.001108s ]
INFO: [ app_begin ] --START--
INFO: Run ReadHtmlCache Behavior [ RunTime:0.000830s ]
INFO: [ app_begin ] --END-- [ RunTime:0.000907s ]
SQL: SHOW COLUMNS FROM `aq_admin` [ RunTime:0.002989s ]
SQL: SHOW COLUMNS FROM `aq_public` [ RunTime:0.003283s ]
ERR: Table 'aqzs.aq_public' doesn't exist
 [ SQL语句 ] : SHOW COLUMNS FROM `aq_public`
NOTIC: [2] Missing argument 1 for PublicModel::auth(), called in D:\phpStudy\WWW\php\Admin\Lib\Action\PublicAction.class.php on line 34 and defined D:\phpStudy\WWW\php\Admin\Lib\Model\PublicModel.class.php 第 5 行.
SQL: SELECT COUNT(*) AS tp_count FROM `aq_admin` WHERE ( `email`='lanyan66238228@163.com' ) LIMIT 1   [ RunTime:0.000294s ]
SQL: SELECT * FROM `aq_admin` WHERE ( `email`='lanyan66238228@163.com' ) LIMIT 1   [ RunTime:0.000259s ]
SQL: SELECT * FROM `aq_admin` WHERE ( `email` = 'lanyan66238228@163.com' ) LIMIT 1   [ RunTime:0.000498s ]

[ 2013-10-27T12:16:50+08:00 ] 0.0.0.0 /php/system.php/Index/index
INFO: [ route_check ] --START--
INFO: Run CheckRoute Behavior [ RunTime:0.001038s ]
INFO: [ route_check ] --END-- [ RunTime:0.001128s ]
INFO: [ app_begin ] --START--
INFO: Run ReadHtmlCache Behavior [ RunTime:0.000901s ]
INFO: [ app_begin ] --END-- [ RunTime:0.001013s ]
INFO: [ view_template ] --START--
INFO: Run LocationTemplate Behavior [ RunTime:0.000989s ]
INFO: [ view_template ] --END-- [ RunTime:0.001069s ]
INFO: [ view_parse ] --START--
NOTIC: [8] Undefined variable: caches D:\phpStudy\WWW\php\Cache\Runtime\Admin\Cache\20eabf8d43f497715f3e1a7ec1a2f00f.php 第 46 行.
INFO: Run ParseTemplate Behavior [ RunTime:0.019121s ]
INFO: [ view_parse ] --END-- [ RunTime:0.019207s ]
INFO: [ view_filter ] --START--
INFO: Run ContentReplace Behavior [ RunTime:0.000911s ]
INFO: Run TokenBuild Behavior [ RunTime:0.000878s ]
INFO: Run WriteHtmlCache Behavior [ RunTime:0.000792s ]
INFO: Run ShowRuntime Behavior [ RunTime:0.001018s ]
INFO: [ view_filter ] --END-- [ RunTime:0.003903s ]
INFO: [ view_end ] --START--
INFO: Run ShowPageTrace Behavior [ RunTime:0.001107s ]
INFO: [ view_end ] --END-- [ RunTime:0.001206s ]

[ 2013-10-27T12:16:50+08:00 ] 0.0.0.0 /php/system.php/SysData/backup
INFO: [ route_check ] --START--
INFO: Run CheckRoute Behavior [ RunTime:0.000611s ]
INFO: [ route_check ] --END-- [ RunTime:0.000708s ]
INFO: [ app_begin ] --START--
INFO: Run ReadHtmlCache Behavior [ RunTime:0.000417s ]
INFO: [ app_begin ] --END-- [ RunTime:0.000469s ]
SQL: SHOW COLUMNS FROM `aq_sys_data` [ RunTime:0.001972s ]
ERR: Table 'aqzs.aq_sys_data' doesn't exist
 [ SQL语句 ] : SHOW COLUMNS FROM `aq_sys_data`
SQL: SHOW TABLE STATUS [ RunTime:0.002017s ]

